SF:lib/widgets/file_organizer/modern/progress_tracker.dart
DA:17,2
DA:25,2
DA:27,2
DA:28,2
DA:41,2
DA:43,2
DA:45,4
DA:50,4
DA:55,6
DA:56,4
DA:59,6
DA:60,4
DA:63,4
DA:66,2
DA:68,4
DA:69,4
DA:70,2
DA:73,0
DA:74,0
DA:77,0
DA:78,0
DA:79,0
DA:80,0
DA:81,0
DA:86,2
DA:88,2
DA:89,1
DA:90,1
DA:91,1
DA:93,1
DA:94,1
DA:95,1
DA:99,1
DA:101,1
DA:102,1
DA:104,1
DA:106,1
DA:108,1
DA:109,1
DA:111,0
DA:112,0
DA:114,0
DA:115,0
DA:117,0
DA:119,0
DA:121,0
DA:124,1
DA:135,1
DA:141,1
DA:143,4
DA:146,0
DA:151,0
DA:156,0
DA:161,0
DA:166,0
DA:171,0
DA:178,1
DA:179,1
DA:180,1
DA:181,1
DA:183,1
DA:184,1
DA:185,1
DA:186,1
DA:188,1
DA:189,1
DA:190,1
DA:192,1
DA:198,1
DA:199,1
DA:201,1
DA:202,1
DA:204,5
DA:208,1
DA:209,1
DA:210,5
DA:211,4
DA:217,1
DA:222,1
DA:227,1
DA:228,4
DA:231,0
DA:235,0
DA:239,0
DA:243,0
DA:247,0
DA:251,0
DA:257,1
DA:259,1
DA:260,1
DA:261,1
DA:262,2
DA:264,1
DA:266,1
DA:276,0
DA:277,0
DA:279,0
DA:282,0
DA:283,0
DA:284,0
DA:286,0
DA:287,0
DA:289,0
DA:293,0
DA:295,0
DA:296,0
DA:297,0
DA:298,0
DA:300,0
DA:307,0
DA:309,0
DA:310,0
DA:311,0
DA:312,0
DA:313,0
DA:314,0
DA:315,0
DA:316,0
DA:317,0
DA:319,0
DA:321,0
DA:329,0
DA:331,0
DA:332,0
DA:334,0
DA:335,0
DA:336,0
DA:341,0
DA:342,0
DA:344,0
DA:345,0
DA:346,0
DA:347,0
DA:358,0
DA:359,0
DA:361,0
DA:362,0
DA:363,0
DA:365,0
DA:366,0
DA:367,0
DA:369,0
DA:371,0
DA:372,0
DA:374,0
DA:381,0
DA:382,0
DA:384,0
DA:385,0
DA:387,0
DA:389,0
DA:391,0
DA:395,0
DA:396,0
DA:398,0
DA:406,0
DA:407,0
DA:409,0
DA:410,0
DA:411,0
DA:412,0
DA:417,0
DA:418,0
DA:421,0
DA:422,0
DA:423,0
DA:426,0
DA:427,0
DA:428,0
DA:433,0
DA:434,0
DA:437,0
DA:438,0
DA:439,0
DA:447,0
DA:448,0
DA:450,0
DA:451,0
DA:452,0
DA:453,0
DA:455,0
DA:460,0
DA:461,0
DA:462,0
DA:463,0
DA:466,0
DA:467,0
DA:471,0
DA:473,0
DA:475,0
DA:476,0
DA:477,0
DA:478,0
DA:479,0
DA:482,0
DA:486,0
DA:488,0
DA:489,0
DA:490,0
DA:491,0
DA:500,0
DA:504,0
DA:505,0
DA:509,0
DA:513,0
DA:517,0
DA:523,0
DA:526,0
DA:527,0
DA:528,0
DA:529,0
DA:531,0
DA:533,0
DA:534,0
DA:536,0
DA:537,0
DA:539,0
DA:540,0
DA:541,0
DA:542,0
DA:546,0
DA:547,0
DA:548,0
DA:549,0
DA:561,1
DA:562,1
DA:564,1
DA:565,1
DA:567,1
DA:568,1
DA:571,4
DA:574,1
DA:576,5
DA:577,4
DA:581,1
DA:583,5
DA:584,4
DA:593,1
DA:595,1
DA:597,0
DA:599,0
DA:601,0
DA:603,0
DA:605,0
DA:607,0
DA:612,0
DA:613,0
DA:614,0
DA:615,0
DA:617,0
DA:618,0
DA:619,0
DA:620,0
DA:622,0
DA:626,0
DA:627,0
DA:628,0
DA:630,0
DA:632,0
DA:633,0
DA:635,0
DA:639,1
DA:640,1
DA:643,1
DA:645,0
DA:647,0
DA:649,0
DA:650,0
DA:651,0
DA:652,0
DA:653,0
DA:654,0
DA:660,0
DA:662,0
DA:664,0
DA:666,0
DA:671,0
DA:672,0
DA:673,0
DA:675,0
DA:676,0
DA:677,0
DA:680,0
DA:681,0
DA:684,0
DA:685,0
DA:698,0
LF:287
LH:86
end_of_record
SF:lib/providers/file_organizer_provider.dart
DA:24,3
DA:40,1
DA:55,1
DA:56,1
DA:57,1
DA:58,1
DA:59,1
DA:60,1
DA:61,1
DA:62,1
DA:63,1
DA:64,1
DA:65,1
DA:66,0
DA:67,1
DA:68,1
DA:85,1
DA:111,0
DA:137,0
DA:163,1
DA:212,2
DA:213,2
DA:214,4
DA:215,2
DA:217,2
DA:218,0
DA:219,4
DA:220,0
DA:222,2
DA:223,0
DA:225,0
DA:226,0
DA:228,2
DA:231,0
DA:232,0
DA:233,0
DA:234,0
DA:235,0
DA:236,0
DA:239,3
DA:240,7
DA:241,6
DA:242,3
DA:243,3
DA:244,0
DA:249,1
DA:250,2
DA:251,1
DA:252,1
DA:253,1
DA:258,1
DA:259,2
DA:260,1
DA:261,1
DA:262,1
DA:267,3
DA:268,6
DA:269,2
DA:270,2
DA:271,2
DA:276,3
DA:277,6
DA:278,2
DA:279,2
DA:280,2
DA:285,0
DA:286,0
DA:287,0
DA:291,0
DA:292,0
DA:295,0
DA:296,0
DA:297,0
DA:300,0
DA:301,0
DA:302,0
DA:304,0
DA:307,0
DA:308,0
DA:309,0
DA:311,0
DA:314,0
DA:315,0
DA:320,0
DA:321,0
DA:323,0
DA:324,0
DA:328,0
DA:329,0
DA:332,0
DA:334,0
DA:339,0
DA:340,0
DA:341,0
DA:343,0
DA:346,0
DA:347,0
DA:352,1
DA:354,2
DA:356,0
DA:357,0
DA:358,0
DA:361,3
DA:366,0
DA:367,0
DA:368,0
DA:369,0
DA:373,0
DA:374,0
DA:379,0
DA:380,0
DA:384,0
DA:386,0
DA:388,0
DA:393,1
DA:394,5
DA:395,2
DA:396,3
DA:397,3
DA:398,1
DA:403,1
DA:404,5
DA:405,2
DA:406,3
DA:407,3
DA:408,1
DA:413,1
DA:414,2
DA:415,1
DA:416,1
DA:418,1
DA:422,1
DA:423,2
DA:424,1
DA:425,1
DA:427,1
DA:431,0
DA:432,0
DA:433,0
DA:434,0
DA:438,0
DA:439,0
DA:440,0
DA:444,0
DA:445,0
DA:446,0
DA:452,0
DA:453,0
DA:454,0
DA:460,0
DA:461,0
DA:462,0
DA:463,0
DA:469,1
DA:470,1
DA:471,1
DA:472,1
DA:473,1
DA:474,1
DA:475,1
DA:476,1
DA:477,1
DA:478,1
DA:479,1
DA:484,0
DA:485,0
DA:486,0
DA:488,0
DA:490,0
DA:492,0
DA:493,0
DA:497,0
DA:498,0
DA:500,0
DA:502,0
DA:503,0
DA:504,0
DA:505,0
DA:506,0
DA:507,0
DA:508,0
DA:509,0
DA:510,0
DA:511,0
DA:512,0
DA:516,0
DA:519,0
DA:520,0
DA:521,0
DA:523,0
DA:525,0
DA:527,0
DA:529,0
DA:536,0
DA:537,0
DA:538,0
DA:539,0
DA:540,0
DA:541,0
DA:542,0
DA:546,0
DA:547,0
DA:548,0
DA:550,0
DA:551,0
DA:552,0
DA:553,0
DA:554,0
DA:555,0
DA:556,0
DA:557,0
DA:558,0
DA:559,0
DA:567,1
DA:568,2
DA:569,0
DA:570,0
DA:574,3
DA:575,6
DA:576,6
DA:577,3
DA:581,0
DA:582,0
DA:584,0
DA:585,0
DA:587,0
DA:589,0
DA:593,0
DA:594,0
DA:596,0
DA:597,0
DA:599,0
DA:601,0
DA:605,0
DA:606,0
DA:608,0
DA:609,0
DA:611,0
DA:613,0
DA:617,0
DA:622,0
DA:625,0
DA:627,0
DA:630,0
DA:637,0
DA:638,0
DA:639,0
DA:642,0
DA:643,0
DA:644,0
DA:645,0
DA:646,0
DA:647,0
DA:648,0
DA:649,0
DA:651,0
DA:653,0
DA:656,0
DA:658,0
DA:660,0
DA:664,0
DA:665,0
DA:667,0
DA:669,0
DA:671,0
DA:673,0
DA:677,0
DA:678,0
DA:680,0
DA:681,0
DA:682,0
DA:684,0
DA:686,0
DA:690,0
DA:691,0
DA:693,0
DA:694,0
DA:695,0
DA:697,0
DA:699,0
DA:703,0
DA:704,0
DA:705,0
DA:708,1
DA:709,1
DA:710,1
DA:713,1
DA:714,1
DA:715,1
DA:718,0
DA:725,0
DA:727,0
DA:735,0
DA:736,0
DA:739,0
DA:741,0
DA:744,0
DA:748,0
DA:754,0
DA:756,0
DA:763,0
DA:764,0
DA:767,0
DA:768,0
DA:770,0
DA:773,0
DA:777,0
DA:783,0
DA:792,0
DA:797,0
DA:801,0
DA:803,0
DA:808,0
DA:811,0
DA:814,0
DA:818,0
DA:820,0
DA:821,0
DA:824,0
DA:829,0
DA:831,0
DA:832,0
DA:835,0
DA:840,0
DA:842,0
DA:843,0
DA:846,0
DA:851,0
DA:853,0
DA:854,0
DA:857,0
DA:862,0
DA:864,0
DA:865,0
DA:866,0
DA:867,0
DA:868,0
DA:869,0
DA:870,0
DA:871,0
DA:872,0
DA:873,0
DA:874,0
DA:875,0
DA:876,0
DA:878,0
LF:346
LH:98
end_of_record
SF:lib/providers/websocket_provider.dart
DA:14,1
DA:30,1
DA:64,2
DA:65,2
DA:66,2
DA:67,2
DA:68,3
DA:69,2
DA:70,3
DA:73,3
DA:74,3
DA:75,3
DA:81,0
DA:82,0
DA:90,4
DA:91,4
DA:95,0
DA:99,0
DA:103,0
DA:104,0
DA:107,0
DA:113,0
DA:114,0
DA:118,0
DA:123,0
DA:124,0
DA:128,0
DA:129,0
DA:135,0
DA:136,0
DA:137,0
DA:138,0
DA:139,0
DA:140,0
DA:144,0
DA:145,0
DA:146,0
DA:151,0
DA:154,0
DA:155,0
DA:156,0
DA:159,0
DA:163,0
DA:169,0
DA:170,0
DA:171,0
DA:176,0
DA:178,0
DA:184,0
DA:185,0
DA:186,0
DA:191,4
DA:193,16
DA:194,0
DA:196,0
DA:198,0
DA:199,0
DA:201,0
DA:206,16
DA:207,0
DA:211,16
DA:212,0
DA:217,0
DA:218,0
DA:221,0
DA:222,0
DA:224,0
DA:225,0
DA:226,0
DA:227,0
DA:229,0
DA:230,0
DA:231,0
DA:232,0
DA:234,0
DA:235,0
DA:236,0
DA:238,0
DA:239,0
DA:245,0
DA:249,0
DA:254,0
DA:256,0
DA:258,0
DA:260,0
DA:262,0
DA:263,0
DA:271,0
DA:272,0
DA:273,0
DA:274,0
DA:279,0
DA:280,0
DA:281,0
DA:285,0
DA:286,0
DA:287,0
DA:288,0
DA:293,0
DA:294,0
DA:296,0
DA:297,0
DA:300,0
DA:301,0
DA:302,0
DA:303,0
DA:304,0
DA:309,0
DA:310,0
DA:311,0
DA:313,0
DA:314,0
DA:316,0
DA:317,0
DA:318,0
DA:320,0
DA:322,0
DA:327,0
DA:328,0
DA:332,0
DA:335,0
DA:337,0
DA:341,0
DA:342,0
DA:343,0
DA:347,0
DA:348,0
DA:349,0
DA:350,0
DA:351,0
DA:352,0
DA:353,0
DA:354,0
DA:355,0
DA:357,0
DA:361,0
DA:362,0
DA:363,0
DA:366,0
DA:367,0
DA:373,0
DA:374,0
DA:375,0
DA:376,0
DA:379,4
DA:381,4
DA:382,8
DA:383,8
DA:384,8
DA:386,8
DA:387,8
DA:388,8
DA:389,8
DA:390,8
DA:392,8
DA:393,4
LF:156
LH:30
end_of_record
SF:lib/providers/accessibility_provider.dart
DA:24,2
DA:25,2
DA:26,4
DA:27,6
DA:28,2
DA:29,4
DA:30,2
DA:31,2
DA:34,2
DA:35,4
DA:36,2
DA:37,2
DA:38,2
DA:39,2
DA:45,1
DA:46,2
DA:47,1
DA:48,1
DA:49,1
DA:50,4
DA:56,1
DA:57,2
DA:58,1
DA:59,1
DA:60,1
DA:61,1
DA:67,2
DA:68,4
DA:69,2
DA:70,2
DA:71,2
DA:72,2
DA:78,1
DA:79,2
DA:80,1
DA:84,1
DA:85,2
DA:86,1
DA:90,1
DA:91,2
DA:92,1
DA:96,1
DA:97,2
DA:98,4
DA:99,3
DA:100,3
DA:101,0
DA:104,1
DA:105,1
DA:110,0
DA:111,0
DA:112,0
DA:113,0
DA:114,0
DA:115,0
DA:121,3
DA:122,6
DA:124,3
DA:125,2
DA:126,2
DA:127,2
DA:136,1
DA:137,2
DA:139,1
DA:140,2
DA:141,4
DA:143,2
DA:144,4
DA:146,2
DA:147,4
DA:153,3
DA:154,3
DA:167,1
DA:168,1
DA:175,2
DA:177,2
DA:181,1
DA:182,1
DA:183,3
DA:184,2
DA:189,1
DA:190,1
DA:191,2
DA:196,1
DA:197,1
DA:198,2
DA:203,1
DA:204,1
DA:205,1
DA:206,1
DA:207,1
DA:208,1
DA:209,1
DA:210,1
DA:211,1
DA:212,2
DA:213,1
DA:216,3
DA:218,6
DA:219,3
LF:100
LH:93
end_of_record
SF:lib/services/websocket_service.dart
DA:7,15
DA:8,10
DA:9,5
DA:27,15
DA:28,15
DA:29,15
DA:32,2
DA:33,2
DA:34,0
DA:35,0
DA:36,0
DA:38,1
DA:43,1
DA:44,0
DA:47,3
DA:48,2
DA:49,1
DA:50,1
DA:52,1
DA:54,2
DA:55,0
DA:56,0
DA:58,0
DA:62,0
DA:67,0
DA:70,0
DA:73,2
DA:74,0
DA:75,0
DA:76,0
DA:79,0
DA:83,0
DA:87,2
DA:88,0
DA:90,0
DA:91,0
DA:95,0
DA:98,0
DA:99,0
DA:103,1
DA:104,2
DA:106,1
DA:109,0
DA:115,5
DA:116,5
DA:117,2
DA:118,2
DA:119,1
DA:122,5
DA:123,5
DA:124,5
DA:125,5
DA:126,5
DA:129,0
DA:130,0
DA:132,0
DA:137,0
DA:139,0
DA:140,0
DA:141,0
DA:142,0
DA:143,0
DA:145,0
DA:147,0
DA:148,0
DA:149,0
DA:153,0
DA:156,0
DA:159,0
DA:161,0
DA:165,0
DA:167,0
DA:171,0
DA:174,0
DA:175,0
DA:177,0
DA:182,0
DA:184,0
DA:185,0
DA:186,0
DA:188,0
DA:190,0
DA:191,0
DA:195,0
DA:198,0
DA:201,0
DA:203,0
DA:207,0
DA:209,0
DA:212,0
DA:213,0
DA:215,0
DA:218,1
DA:219,1
DA:222,1
DA:230,2
DA:231,2
DA:232,0
DA:235,0
DA:239,0
DA:245,1
DA:252,2
DA:253,2
DA:254,0
DA:257,0
DA:261,0
DA:267,1
DA:276,2
DA:277,2
DA:278,0
DA:281,0
DA:285,0
DA:291,2
DA:292,0
DA:294,0
DA:295,0
DA:296,0
DA:297,0
DA:298,0
DA:299,0
DA:300,0
DA:303,0
DA:305,0
DA:308,0
DA:312,0
DA:318,5
DA:319,10
DA:320,10
DA:321,10
DA:322,5
DA:338,3
DA:339,3
DA:340,3
DA:350,2
DA:353,1
DA:358,1
DA:360,1
DA:362,1
DA:364,0
DA:366,0
DA:372,0
DA:376,0
DA:377,0
DA:379,0
DA:381,0
DA:385,0
DA:390,1
DA:394,1
DA:395,0
DA:396,0
DA:397,0
DA:400,0
DA:404,0
DA:405,0
DA:407,0
DA:409,0
DA:415,0
DA:419,0
DA:420,0
DA:422,0
DA:424,0
DA:425,0
DA:427,0
DA:430,0
DA:432,0
DA:437,1
DA:438,1
DA:439,2
DA:443,0
DA:444,0
DA:445,0
DA:446,0
DA:447,0
DA:448,0
DA:451,0
DA:456,1
DA:457,1
DA:458,1
DA:462,1
DA:463,1
DA:464,1
DA:465,1
DA:467,1
DA:468,0
DA:469,0
DA:470,0
DA:473,1
DA:474,1
DA:475,1
DA:476,1
DA:477,1
DA:478,1
DA:482,1
DA:483,1
DA:485,0
DA:490,0
DA:495,1
DA:496,1
DA:498,0
DA:503,0
DA:508,1
DA:509,1
DA:511,0
DA:514,0
DA:518,1
DA:519,1
DA:521,0
DA:524,0
DA:529,1
DA:533,1
DA:535,0
DA:538,0
DA:542,0
DA:547,0
DA:548,0
DA:551,0
DA:561,0
DA:562,0
DA:563,0
DA:566,0
DA:570,0
DA:576,0
DA:586,0
DA:587,0
DA:588,0
DA:591,0
DA:595,0
DA:601,0
DA:609,0
DA:610,0
DA:611,0
DA:614,0
DA:618,0
DA:624,0
DA:632,0
DA:633,0
DA:634,0
DA:637,0
DA:641,0
DA:647,0
DA:657,0
DA:658,0
DA:659,0
DA:662,0
DA:666,0
DA:672,0
DA:674,0
DA:679,0
DA:680,0
DA:682,0
DA:683,0
DA:687,0
DA:692,0
DA:693,0
DA:695,0
DA:696,0
DA:697,0
DA:698,0
DA:699,0
DA:700,0
DA:701,0
DA:702,0
DA:703,0
DA:706,0
DA:708,0
DA:711,0
DA:715,0
DA:722,1
DA:723,1
DA:724,1
DA:725,1
DA:726,1
DA:727,1
DA:728,1
DA:729,1
DA:730,1
DA:736,1
DA:737,1
DA:738,1
DA:740,2
DA:741,2
DA:742,2
DA:743,2
DA:744,2
DA:745,2
DA:747,1
LF:286
LH:104
end_of_record
SF:lib/widgets/accessibility/accessible_button.dart
DA:20,1
DA:32,1
DA:34,1
DA:35,1
DA:46,1
DA:48,1
DA:49,2
DA:50,3
DA:52,2
DA:57,2
DA:60,2
DA:61,1
DA:66,0
DA:67,0
DA:68,0
DA:71,0
DA:72,0
DA:73,0
DA:76,0
DA:77,0
DA:78,0
DA:85,1
DA:86,4
DA:89,4
DA:90,0
DA:92,1
DA:95,3
DA:98,0
DA:99,0
DA:100,0
DA:103,0
DA:104,0
DA:106,0
DA:110,1
DA:112,3
DA:113,2
DA:114,2
DA:115,1
DA:118,1
DA:120,1
DA:121,1
DA:122,1
DA:123,1
DA:130,2
DA:131,0
DA:132,0
DA:133,0
DA:134,0
DA:135,0
DA:136,2
DA:137,0
DA:138,0
DA:139,0
DA:140,0
DA:141,0
DA:143,2
DA:144,2
DA:145,1
DA:146,1
DA:147,2
DA:150,2
DA:152,2
DA:153,0
DA:155,0
DA:156,0
DA:159,0
DA:161,0
DA:165,0
DA:168,2
DA:169,0
DA:171,0
DA:172,0
DA:174,0
DA:179,1
DA:180,1
DA:181,1
DA:182,1
DA:183,3
DA:184,1
DA:186,1
DA:188,1
DA:189,1
DA:190,1
DA:191,1
DA:192,1
DA:193,1
DA:194,1
DA:196,1
DA:197,1
DA:198,1
DA:199,2
DA:203,1
DA:204,1
DA:205,1
DA:206,0
DA:207,0
DA:208,0
DA:209,0
DA:212,1
DA:213,2
DA:216,0
DA:228,1
DA:229,2
DA:230,2
DA:232,4
DA:234,1
DA:235,5
DA:236,2
DA:237,0
DA:238,0
DA:256,0
DA:263,0
DA:265,0
DA:266,0
DA:273,0
DA:275,0
DA:276,0
DA:277,0
DA:280,0
DA:281,0
DA:282,0
DA:286,0
DA:287,0
DA:288,0
DA:291,0
DA:292,0
DA:293,0
DA:294,0
DA:301,0
DA:303,0
DA:304,0
DA:305,0
DA:308,0
DA:310,0
DA:311,0
DA:313,0
DA:314,0
DA:315,0
DA:317,0
DA:318,0
DA:320,0
DA:321,0
DA:322,0
DA:323,0
DA:324,0
DA:325,0
DA:326,0
DA:327,0
DA:328,0
DA:329,0
DA:331,0
DA:332,0
DA:333,0
DA:334,0
DA:335,0
DA:336,0
DA:337,0
DA:340,0
LF:158
LH:67
end_of_record
SF:lib/widgets/accessibility/screen_reader_announcer.dart
DA:13,2
DA:19,2
DA:21,2
DA:22,2
DA:29,1
DA:31,1
DA:33,2
DA:34,4
DA:35,3
DA:36,3
DA:40,1
DA:41,1
DA:43,2
DA:45,3
DA:46,1
DA:47,1
DA:51,1
DA:52,1
DA:53,1
DA:56,2
DA:63,2
DA:65,3
DA:66,2
DA:69,2
DA:71,4
DA:83,0
DA:90,0
DA:92,0
DA:93,0
DA:99,0
DA:101,0
DA:103,0
DA:104,0
DA:105,0
DA:106,0
DA:107,0
DA:111,0
DA:112,0
DA:113,0
DA:114,0
DA:116,0
DA:123,0
DA:125,0
DA:127,0
DA:146,0
DA:154,0
DA:156,0
DA:157,0
DA:164,0
DA:166,0
DA:168,0
DA:169,0
DA:173,0
DA:174,0
DA:175,0
DA:176,0
DA:177,0
DA:180,0
DA:184,0
DA:185,0
DA:187,0
DA:188,0
DA:189,0
DA:190,0
DA:191,0
DA:193,0
DA:199,0
DA:204,0
DA:206,0
DA:207,0
DA:210,0
DA:212,0
DA:213,0
DA:214,0
DA:218,0
DA:219,0
DA:221,0
DA:222,0
DA:232,0
DA:237,0
DA:239,0
DA:240,0
DA:246,0
DA:248,0
DA:250,0
DA:251,0
DA:252,0
DA:253,0
DA:257,0
DA:258,0
DA:259,0
DA:260,0
DA:265,0
DA:267,0
DA:269,0
DA:270,0
DA:271,0
DA:278,0
DA:280,0
DA:290,0
DA:295,0
DA:297,0
DA:298,0
DA:304,0
DA:306,0
DA:308,0
DA:309,0
DA:310,0
DA:311,0
DA:315,0
DA:316,0
DA:317,0
DA:318,0
DA:323,0
DA:325,0
DA:327,0
DA:328,0
DA:329,0
DA:336,0
DA:338,0
DA:344,0
DA:345,0
DA:352,0
DA:353,0
DA:354,0
DA:357,0
DA:358,0
DA:361,0
DA:362,0
DA:365,0
DA:366,0
DA:369,0
DA:370,0
LF:133
LH:25
end_of_record
SF:lib/models/file_organizer_models.dart
DA:14,0
DA:23,0
DA:24,0
DA:37,0
DA:47,0
DA:48,0
DA:59,0
DA:67,0
DA:68,0
LF:9
LH:0
end_of_record
SF:lib/models/file_organizer_models.g.dart
DA:9,0
DA:10,0
DA:11,0
DA:12,0
DA:13,0
DA:14,0
DA:15,0
DA:18,0
DA:19,0
DA:20,0
DA:21,0
DA:22,0
DA:23,0
DA:24,0
DA:27,0
DA:28,0
DA:29,0
DA:30,0
DA:31,0
DA:32,0
DA:33,0
DA:34,0
DA:35,0
DA:38,0
DA:39,0
DA:40,0
DA:41,0
DA:42,0
DA:43,0
DA:44,0
DA:45,0
DA:46,0
DA:49,0
DA:50,0
DA:51,0
DA:52,0
DA:53,0
DA:54,0
DA:55,0
DA:57,0
DA:60,0
DA:61,0
DA:62,0
DA:63,0
DA:64,0
DA:65,0
DA:66,0
LF:47
LH:0
end_of_record
SF:lib/services/api_service.dart
DA:12,18
DA:15,0
DA:17,0
DA:18,0
DA:19,0
DA:21,0
DA:28,0
DA:31,0
DA:33,0
DA:34,0
DA:39,0
DA:42,0
DA:47,0
DA:53,0
DA:56,0
DA:58,0
DA:59,0
DA:66,0
DA:68,0
DA:75,0
DA:80,0
DA:83,0
DA:85,0
DA:89,0
DA:97,0
DA:102,0
DA:108,0
DA:109,0
DA:110,0
DA:111,0
DA:116,0
DA:118,0
DA:119,0
DA:121,0
DA:123,0
DA:124,0
DA:125,0
DA:126,0
DA:127,0
DA:128,0
DA:129,0
DA:136,0
DA:137,0
DA:138,0
DA:139,0
DA:140,0
DA:143,0
DA:144,0
DA:146,0
DA:151,0
DA:152,0
DA:156,0
DA:157,0
DA:158,0
DA:159,0
DA:160,0
DA:163,0
DA:164,0
DA:166,0
DA:170,0
DA:172,0
DA:176,0
DA:178,0
DA:183,0
DA:192,0
DA:196,0
DA:197,0
DA:198,0
DA:200,0
DA:201,0
DA:203,0
DA:205,0
DA:206,0
DA:207,0
DA:210,0
DA:212,0
DA:213,0
DA:219,0
DA:220,0
DA:222,0
DA:225,0
DA:226,0
DA:227,0
DA:228,0
DA:230,0
DA:233,0
DA:237,0
DA:238,0
DA:239,0
DA:240,0
DA:243,0
DA:244,0
DA:245,0
DA:246,0
DA:248,0
DA:251,0
DA:255,0
DA:256,0
DA:257,0
DA:258,0
DA:261,0
DA:262,0
DA:263,0
DA:264,0
DA:266,0
DA:269,0
DA:273,0
DA:274,0
DA:275,0
DA:276,0
DA:279,0
DA:280,0
DA:281,0
DA:282,0
DA:284,0
DA:287,0
DA:291,0
DA:292,0
DA:293,0
DA:294,0
DA:297,0
DA:298,0
DA:299,0
DA:300,0
DA:302,0
DA:305,0
DA:310,0
DA:311,0
DA:314,0
DA:317,0
DA:318,0
DA:321,0
DA:324,0
DA:325,0
DA:328,0
DA:336,0
DA:340,0
DA:341,0
DA:344,0
DA:351,0
DA:355,0
DA:356,0
DA:357,0
DA:358,0
DA:359,0
DA:360,0
DA:361,0
DA:362,0
DA:363,0
DA:364,0
DA:365,0
DA:370,0
DA:371,0
DA:372,0
DA:376,0
DA:377,0
DA:378,0
DA:379,0
DA:380,0
DA:381,0
DA:382,0
DA:383,0
DA:384,0
DA:385,0
DA:389,0
DA:390,0
DA:391,0
DA:395,0
DA:397,0
DA:400,0
DA:408,0
DA:409,0
DA:412,0
DA:415,0
DA:416,0
DA:420,0
DA:423,0
DA:427,0
DA:430,0
DA:431,0
DA:433,0
DA:438,0
DA:442,0
DA:445,0
DA:446,0
DA:447,0
DA:448,0
DA:451,0
DA:455,0
DA:456,0
DA:458,0
DA:462,0
DA:468,0
DA:469,0
DA:470,0
DA:471,0
DA:479,0
DA:480,0
DA:482,0
DA:486,0
DA:491,0
DA:492,0
DA:493,0
DA:494,0
DA:501,0
DA:502,0
DA:504,0
DA:508,0
DA:512,0
DA:513,0
DA:514,0
DA:517,0
DA:518,0
DA:520,0
DA:525,0
DA:526,0
DA:528,0
DA:531,0
DA:532,0
DA:534,0
DA:535,0
DA:537,0
DA:538,0
DA:540,0
DA:544,0
DA:545,0
DA:549,0
DA:550,0
DA:551,0
DA:552,0
DA:555,0
DA:556,0
DA:558,0
DA:562,0
DA:563,0
DA:564,0
DA:565,0
DA:566,0
DA:569,0
DA:570,0
DA:572,0
DA:576,0
DA:577,0
DA:578,0
DA:579,0
DA:582,0
DA:583,0
DA:585,0
DA:590,0
DA:592,0
DA:593,0
DA:594,0
DA:595,0
DA:597,0
DA:598,0
DA:600,0
DA:601,0
DA:603,0
DA:604,0
DA:605,0
DA:606,0
DA:607,0
DA:609,0
DA:611,0
DA:612,0
DA:618,0
DA:620,0
DA:621,0
DA:622,0
DA:623,0
DA:625,0
DA:626,0
DA:628,0
DA:629,0
DA:631,0
DA:632,0
DA:633,0
DA:634,0
DA:635,0
DA:637,0
DA:639,0
DA:640,0
DA:646,0
DA:648,0
DA:649,0
DA:650,0
DA:651,0
DA:653,0
DA:654,0
DA:656,0
DA:657,0
DA:659,0
DA:660,0
DA:661,0
DA:662,0
DA:663,0
DA:665,0
DA:667,0
DA:668,0
DA:674,0
DA:676,0
DA:677,0
DA:678,0
DA:679,0
DA:681,0
DA:682,0
DA:684,0
DA:685,0
DA:687,0
DA:688,0
DA:689,0
DA:690,0
DA:691,0
DA:693,0
DA:695,0
DA:696,0
DA:705,0
DA:712,0
DA:714,0
DA:715,0
DA:716,0
DA:717,0
DA:722,0
DA:724,0
DA:725,0
DA:727,0
DA:728,0
DA:730,0
DA:731,0
DA:732,0
DA:733,0
DA:734,0
DA:736,0
DA:738,0
DA:739,0
DA:746,0
DA:751,0
DA:752,0
DA:753,0
DA:754,0
DA:758,0
DA:760,0
DA:761,0
DA:763,0
DA:764,0
DA:766,0
DA:767,0
DA:768,0
DA:769,0
DA:770,0
DA:772,0
DA:774,0
DA:775,0
DA:782,1
DA:784,2
DA:785,1
DA:786,1
DA:787,1
DA:789,2
DA:790,0
DA:792,2
DA:793,0
DA:795,1
DA:796,0
DA:797,1
DA:798,0
DA:799,0
DA:801,0
DA:803,2
DA:804,0
DA:811,0
DA:815,0
DA:816,0
DA:817,0
DA:818,0
DA:821,0
DA:823,0
DA:824,0
DA:826,0
DA:827,0
DA:829,0
DA:830,0
DA:831,0
DA:832,0
DA:833,0
DA:835,0
DA:837,0
DA:838,0
DA:845,0
DA:847,0
DA:848,0
DA:849,0
DA:850,0
DA:852,0
DA:853,0
DA:855,0
DA:856,0
DA:858,0
DA:859,0
DA:860,0
DA:861,0
DA:862,0
DA:864,0
DA:866,0
DA:867,0
DA:874,2
DA:876,2
DA:878,2
DA:880,2
DA:892,1
DA:894,2
DA:895,2
DA:896,1
DA:897,1
DA:899,2
DA:900,2
DA:901,2
DA:902,0
DA:904,2
DA:907,0
DA:909,1
DA:910,0
DA:911,1
DA:912,0
DA:913,0
DA:915,0
DA:917,2
DA:918,0
DA:925,1
DA:927,2
DA:928,1
DA:929,1
DA:930,1
DA:932,2
DA:933,2
DA:934,2
DA:935,0
DA:937,2
DA:940,0
DA:942,1
DA:943,0
DA:944,1
DA:945,0
DA:946,0
DA:948,0
DA:950,2
DA:951,0
DA:958,1
DA:964,2
DA:965,1
DA:966,1
DA:967,2
DA:972,1
DA:974,2
DA:975,2
DA:976,2
DA:978,0
DA:980,0
DA:981,0
DA:982,0
DA:983,0
DA:984,0
DA:986,0
DA:988,0
DA:989,0
DA:996,1
DA:998,2
DA:999,1
DA:1000,1
DA:1001,1
DA:1003,2
DA:1004,2
DA:1005,2
DA:1007,0
DA:1009,0
DA:1010,0
DA:1011,0
DA:1012,0
DA:1013,0
DA:1015,0
DA:1017,0
DA:1018,0
DA:1025,2
DA:1027,4
DA:1028,2
DA:1029,2
DA:1030,4
DA:1035,2
DA:1037,4
DA:1038,2
DA:1039,2
DA:1040,0
DA:1042,2
DA:1045,3
DA:1047,2
DA:1048,0
DA:1049,2
DA:1050,0
DA:1051,0
DA:1053,0
DA:1055,4
DA:1056,0
DA:1063,2
DA:1071,2
DA:1073,4
DA:1074,2
DA:1075,2
DA:1076,4
DA:1083,2
DA:1085,4
DA:1086,2
DA:1087,2
DA:1088,0
DA:1090,2
DA:1093,3
DA:1095,2
DA:1096,0
DA:1097,2
DA:1098,0
DA:1099,0
DA:1101,0
DA:1103,4
DA:1104,0
DA:1111,1
DA:1117,2
DA:1118,1
DA:1119,1
DA:1120,2
DA:1124,1
DA:1126,2
DA:1127,2
DA:1128,2
DA:1129,0
DA:1132,0
DA:1135,0
DA:1136,0
DA:1141,0
DA:1144,0
DA:1145,0
DA:1146,0
DA:1147,0
DA:1149,0
DA:1150,0
DA:1151,0
DA:1152,0
DA:1154,0
DA:1157,0
DA:1158,0
DA:1159,0
DA:1160,0
DA:1161,0
DA:1165,0
DA:1166,0
DA:1169,0
DA:1170,0
DA:1171,0
DA:1178,0
DA:1181,0
DA:1182,0
DA:1188,1
DA:1190,1
DA:1191,2
DA:1195,0
DA:1197,0
DA:1198,0
DA:1202,0
DA:1204,0
DA:1205,0
DA:1211,2
DA:1217,4
DA:1218,2
DA:1219,2
DA:1220,4
DA:1224,4
DA:1226,2
DA:1228,4
DA:1229,2
DA:1230,2
DA:1232,3
DA:1234,1
DA:1235,0
DA:1236,1
DA:1237,0
DA:1238,0
DA:1240,0
DA:1242,2
DA:1243,0
DA:1250,2
DA:1255,4
DA:1257,2
DA:1260,4
DA:1264,4
DA:1266,2
DA:1267,2
DA:1269,4
DA:1270,2
DA:1271,2
DA:1272,0
DA:1274,2
DA:1277,3
DA:1279,2
DA:1280,0
DA:1281,2
DA:1282,0
DA:1283,0
DA:1285,0
DA:1287,4
DA:1288,0
DA:1295,1
DA:1297,2
DA:1298,1
DA:1299,1
DA:1300,2
DA:1303,1
DA:1305,2
DA:1306,2
DA:1307,2
DA:1309,0
DA:1311,0
DA:1312,0
DA:1313,0
DA:1314,0
DA:1315,0
DA:1317,0
DA:1319,0
DA:1320,0
DA:1327,1
DA:1329,2
DA:1330,1
DA:1331,1
DA:1332,2
DA:1335,1
DA:1337,2
DA:1338,2
DA:1339,2
DA:1341,0
DA:1343,0
DA:1344,0
DA:1345,0
DA:1346,0
DA:1347,0
DA:1349,0
DA:1351,0
DA:1352,0
DA:1359,1
DA:1361,2
DA:1362,1
DA:1363,1
DA:1364,2
DA:1367,1
DA:1369,2
DA:1370,2
DA:1371,2
DA:1373,0
DA:1375,0
DA:1376,0
DA:1377,0
DA:1378,0
DA:1379,0
DA:1381,0
DA:1383,0
DA:1384,0
DA:1391,1
DA:1396,2
DA:1397,2
DA:1398,1
DA:1399,1
DA:1400,2
DA:1403,1
DA:1404,1
DA:1406,2
DA:1407,0
DA:1409,3
DA:1412,2
DA:1413,0
DA:1420,1
DA:1425,2
DA:1426,1
DA:1427,1
DA:1428,2
DA:1432,1
DA:1434,2
DA:1435,0
DA:1437,3
DA:1440,2
DA:1441,0
DA:1454,1
DA:1459,2
DA:1460,2
DA:1461,1
DA:1462,1
DA:1463,2
DA:1466,1
DA:1467,1
DA:1469,2
DA:1470,0
DA:1472,3
DA:1475,2
DA:1476,0
DA:1483,0
DA:1485,0
DA:1486,0
DA:1487,0
DA:1488,0
DA:1490,0
DA:1491,0
DA:1494,0
DA:1495,0
DA:1502,0
DA:1508,0
DA:1509,0
DA:1510,0
DA:1511,0
DA:1515,0
DA:1517,0
DA:1519,0
DA:1520,0
DA:1523,0
DA:1524,0
DA:1533,0
DA:1535,0
DA:1536,0
DA:1537,0
DA:1538,0
DA:1540,0
DA:1541,0
DA:1544,0
DA:1545,0
DA:1552,0
DA:1554,0
DA:1555,0
DA:1556,0
DA:1557,0
DA:1559,0
DA:1560,0
DA:1563,0
DA:1564,0
DA:1571,0
DA:1573,0
DA:1574,0
DA:1575,0
DA:1576,0
DA:1578,0
DA:1579,0
DA:1582,0
DA:1583,0
DA:1590,0
DA:1592,0
DA:1593,0
DA:1594,0
DA:1596,0
DA:1597,0
DA:1599,0
DA:1600,0
DA:1601,0
DA:1602,0
DA:1604,0
DA:1607,0
DA:1610,0
DA:1611,0
DA:1618,0
DA:1620,0
DA:1621,0
DA:1622,0
DA:1624,0
DA:1625,0
DA:1627,0
DA:1628,0
DA:1629,0
DA:1630,0
DA:1632,0
DA:1635,0
DA:1638,0
DA:1639,0
LF:774
LH:184
end_of_record
SF:lib/widgets/file_organizer/modern/file_insights_dashboard.dart
DA:13,1
DA:18,1
DA:20,1
DA:21,1
DA:36,1
DA:38,1
DA:39,2
DA:40,1
DA:43,1
DA:45,2
DA:46,1
DA:49,1
DA:50,2
DA:52,3
DA:55,2
DA:56,1
DA:57,1
DA:58,1
DA:59,1
DA:60,1
DA:61,3
DA:64,0
DA:65,0
DA:68,3
DA:72,1
DA:74,1
DA:75,3
DA:77,0
DA:78,0
DA:79,0
DA:83,3
DA:87,1
DA:90,2
DA:91,2
DA:92,3
DA:93,3
DA:94,3
DA:95,1
DA:96,1
DA:97,1
DA:98,1
DA:99,1
DA:106,0
DA:110,1
DA:113,2
DA:114,2
DA:115,1
DA:118,2
DA:120,1
DA:126,2
DA:128,1
DA:131,2
DA:133,1
DA:138,2
DA:143,0
DA:147,1
DA:150,2
DA:151,2
DA:152,1
DA:155,2
DA:157,2
DA:162,1
DA:165,2
DA:167,2
DA:172,1
DA:175,2
DA:177,2
DA:185,0
DA:189,1
DA:191,2
DA:192,2
DA:193,1
DA:202,1
DA:211,1
DA:223,0
DA:227,1
DA:229,2
DA:230,2
DA:231,1
DA:236,3
DA:237,2
DA:239,1
DA:244,3
DA:245,2
DA:247,1
DA:250,2
DA:256,0
DA:260,1
DA:261,3
DA:262,2
DA:263,2
DA:265,1
DA:267,1
DA:269,1
DA:271,1
DA:272,1
DA:273,1
DA:274,1
DA:276,1
DA:282,1
DA:283,1
DA:285,2
DA:293,1
DA:294,1
DA:295,1
DA:296,1
DA:298,3
DA:304,1
DA:305,1
DA:307,3
DA:317,1
DA:319,5
DA:324,1
DA:328,1
DA:330,5
DA:335,1
DA:341,1
DA:342,1
DA:343,1
DA:345,1
DA:346,1
DA:347,1
DA:349,1
DA:351,5
DA:356,1
DA:358,5
DA:359,1
DA:368,1
DA:369,1
DA:370,1
DA:372,1
DA:373,1
DA:374,1
DA:375,2
DA:383,0
DA:392,0
DA:394,0
DA:395,0
DA:396,0
DA:397,0
DA:399,0
DA:401,0
DA:402,0
DA:403,0
DA:404,0
DA:405,0
DA:406,0
DA:407,0
DA:408,0
DA:410,0
DA:411,0
DA:412,0
DA:414,0
DA:416,0
DA:418,0
DA:419,0
DA:420,0
DA:430,0
DA:434,0
DA:437,0
DA:438,0
DA:439,0
DA:441,0
DA:443,0
DA:444,0
DA:447,0
DA:453,0
DA:454,0
DA:455,0
DA:459,0
DA:467,1
DA:468,1
DA:469,1
DA:470,1
DA:471,1
DA:472,1
DA:473,1
DA:474,0
DA:477,1
DA:483,1
DA:484,1
DA:485,0
DA:488,1
DA:496,1
DA:498,1
DA:499,0
DA:502,1
DA:511,1
DA:512,1
DA:514,1
DA:516,1
DA:517,1
DA:518,1
DA:521,1
DA:523,5
DA:528,2
DA:529,1
DA:530,1
DA:533,1
DA:542,2
DA:543,1
DA:544,1
DA:545,1
DA:547,1
DA:548,1
DA:551,1
DA:554,1
DA:556,1
DA:557,1
DA:563,1
DA:565,1
DA:566,1
DA:575,1
DA:576,1
DA:577,2
DA:578,1
DA:579,2
DA:580,1
DA:582,1
DA:583,1
DA:584,1
DA:585,1
DA:586,2
DA:587,1
DA:588,1
DA:593,2
DA:594,2
DA:595,3
DA:596,3
DA:598,1
DA:599,1
DA:601,1
DA:603,1
DA:604,1
DA:606,4
DA:611,2
DA:612,2
DA:614,1
DA:615,1
DA:618,1
DA:619,1
DA:620,1
DA:628,1
DA:629,1
DA:630,1
DA:631,1
DA:632,0
DA:637,1
DA:638,0
DA:641,1
DA:661,1
DA:662,1
DA:664,1
DA:666,1
DA:667,1
DA:668,1
DA:671,1
DA:673,5
DA:681,1
DA:682,2
DA:683,1
DA:684,1
DA:686,1
DA:687,1
DA:690,1
DA:693,1
DA:695,1
DA:696,1
DA:702,1
DA:704,1
DA:705,1
DA:712,1
DA:713,2
DA:714,1
DA:715,2
DA:716,2
DA:718,1
DA:720,1
DA:721,1
DA:722,1
DA:723,1
DA:724,2
DA:728,2
DA:729,1
DA:731,1
DA:732,5
DA:733,1
DA:734,3
DA:735,2
DA:737,1
DA:738,1
DA:739,1
DA:746,1
DA:747,0
DA:779,0
DA:791,1
DA:792,1
DA:794,1
DA:796,1
DA:797,1
DA:798,1
DA:801,1
DA:803,5
DA:811,1
DA:812,2
DA:813,1
DA:814,1
DA:816,1
DA:817,1
DA:820,1
DA:823,1
DA:825,1
DA:826,1
DA:832,1
DA:834,1
DA:835,1
DA:842,1
DA:843,2
DA:844,1
DA:845,2
DA:846,2
DA:848,1
DA:850,1
DA:851,1
DA:852,1
DA:853,1
DA:854,2
DA:858,2
DA:859,1
DA:861,1
DA:862,2
DA:864,1
DA:865,2
DA:866,1
DA:867,1
DA:873,1
DA:874,2
DA:887,1
DA:889,1
DA:891,1
DA:893,1
DA:900,1
DA:902,1
DA:904,1
DA:906,1
DA:913,1
DA:915,1
DA:917,1
DA:919,1
DA:921,0
DA:923,0
DA:930,1
DA:932,1
DA:934,1
DA:936,1
DA:943,1
DA:944,3
DA:945,2
DA:946,7
DA:947,0
DA:950,1
DA:952,1
DA:953,1
DA:955,2
DA:956,2
DA:957,6
DA:958,6
DA:959,0
DA:962,0
DA:963,0
DA:966,0
DA:967,0
DA:970,0
DA:971,0
DA:974,1
DA:975,1
DA:976,1
DA:977,2
DA:983,1
DA:984,1
DA:985,2
DA:988,1
DA:989,0
DA:990,0
DA:991,0
DA:993,1
DA:1001,0
DA:1003,0
DA:1008,0
DA:1010,0
DA:1011,0
DA:1015,0
DA:1017,0
DA:1018,0
DA:1022,0
DA:1024,0
DA:1025,0
DA:1026,0
DA:1029,0
DA:1030,0
DA:1031,0
DA:1034,0
DA:1035,0
DA:1036,0
DA:1042,1
DA:1043,3
DA:1044,4
DA:1047,2
DA:1048,3
DA:1052,1
DA:1054,1
DA:1056,1
DA:1057,1
DA:1058,1
DA:1060,1
DA:1061,3
DA:1067,1
DA:1068,1
DA:1069,1
DA:1071,2
DA:1075,1
DA:1076,1
DA:1078,1
DA:1079,1
DA:1081,4
DA:1083,2
DA:1086,1
DA:1088,4
DA:1089,1
DA:1095,1
DA:1096,1
DA:1104,1
DA:1105,1
DA:1113,1
DA:1114,1
DA:1115,1
DA:1116,1
DA:1117,1
DA:1118,1
DA:1119,1
DA:1120,1
LF:441
LH:357
end_of_record
SF:lib/models/financial_models.dart
DA:55,0
DA:75,0
DA:76,0
DA:78,0
DA:79,0
DA:92,0
DA:102,0
DA:103,0
DA:116,0
DA:126,0
DA:127,0
DA:148,0
DA:161,0
DA:162,0
DA:176,0
DA:187,0
DA:188,0
DA:201,0
DA:211,0
DA:212,0
DA:225,0
DA:235,0
DA:236,0
DA:246,0
DA:253,0
DA:254,0
LF:26
LH:0
end_of_record
SF:lib/models/financial_models.g.dart
DA:9,0
DA:11,0
DA:12,0
DA:13,0
DA:14,0
DA:15,0
DA:16,0
DA:17,0
DA:18,0
DA:19,0
DA:20,0
DA:21,0
DA:22,0
DA:23,0
DA:24,0
DA:25,0
DA:26,0
DA:27,0
DA:28,0
DA:29,0
DA:30,0
DA:33,0
DA:34,0
DA:35,0
DA:36,0
DA:37,0
DA:38,0
DA:39,0
DA:40,0
DA:41,0
DA:42,0
DA:43,0
DA:44,0
DA:45,0
DA:46,0
DA:47,0
DA:48,0
DA:49,0
DA:50,0
DA:53,0
DA:54,0
DA:55,0
DA:56,0
DA:57,0
DA:58,0
DA:59,0
DA:60,0
DA:63,0
DA:64,0
DA:65,0
DA:66,0
DA:67,0
DA:68,0
DA:69,0
DA:70,0
DA:71,0
DA:74,0
DA:75,0
DA:76,0
DA:77,0
DA:78,0
DA:79,0
DA:80,0
DA:81,0
DA:84,0
DA:85,0
DA:86,0
DA:87,0
DA:88,0
DA:89,0
DA:90,0
DA:91,0
DA:92,0
DA:95,0
DA:96,0
DA:97,0
DA:98,0
DA:99,0
DA:100,0
DA:101,0
DA:102,0
DA:103,0
DA:104,0
DA:105,0
DA:106,0
DA:109,0
DA:110,0
DA:111,0
DA:112,0
DA:113,0
DA:114,0
DA:115,0
DA:116,0
DA:117,0
DA:118,0
DA:119,0
DA:120,0
DA:123,0
DA:124,0
DA:125,0
DA:126,0
DA:127,0
DA:128,0
DA:129,0
DA:130,0
DA:131,0
DA:132,0
DA:133,0
DA:134,0
DA:137,0
DA:138,0
DA:139,0
DA:140,0
DA:141,0
DA:142,0
DA:143,0
DA:144,0
DA:145,0
DA:146,0
DA:149,0
DA:150,0
DA:151,0
DA:152,0
DA:153,0
DA:154,0
DA:155,0
DA:156,0
DA:157,0
DA:160,0
DA:162,0
DA:163,0
DA:164,0
DA:165,0
DA:166,0
DA:167,0
DA:168,0
DA:169,0
DA:172,0
DA:173,0
DA:174,0
DA:175,0
DA:176,0
DA:177,0
DA:178,0
DA:179,0
DA:180,0
DA:181,0
DA:184,0
DA:185,0
DA:186,0
DA:187,0
DA:188,0
DA:189,0
DA:190,0
DA:191,0
DA:194,0
DA:195,0
DA:196,0
DA:197,0
DA:198,0
DA:199,0
DA:202,0
DA:203,0
DA:204,0
DA:205,0
DA:206,0
DA:207,0
LF:167
LH:0
end_of_record
SF:lib/widgets/file_organizer/modern/ai_operations_preview.dart
DA:15,2
DA:22,2
DA:24,2
DA:25,2
DA:37,2
DA:39,2
DA:41,4
DA:46,4
DA:51,6
DA:52,4
DA:55,4
DA:58,6
DA:59,2
DA:63,0
DA:65,0
DA:66,0
DA:67,0
DA:71,2
DA:73,4
DA:74,4
DA:75,2
DA:78,2
DA:79,10
DA:81,4
DA:83,2
DA:87,0
DA:88,0
DA:89,0
DA:90,0
DA:91,0
DA:93,0
DA:98,0
DA:99,0
DA:100,0
DA:101,0
DA:104,0
DA:106,0
DA:107,0
DA:108,0
DA:109,0
DA:111,0
DA:114,0
DA:115,0
DA:116,0
DA:117,0
DA:120,0
DA:122,0
DA:123,0
DA:124,0
DA:125,0
DA:127,0
DA:130,2
DA:132,2
DA:133,1
DA:134,1
DA:135,1
DA:136,1
DA:139,1
DA:141,1
DA:142,1
DA:144,1
DA:145,1
DA:146,1
DA:147,3
DA:148,0
DA:149,1
DA:150,3
DA:151,2
DA:152,1
DA:163,1
DA:164,1
DA:166,1
DA:167,5
DA:170,1
DA:171,1
DA:172,1
DA:174,1
DA:175,4
DA:176,1
DA:178,1
DA:180,4
DA:185,1
DA:187,1
DA:188,1
DA:190,5
DA:194,3
DA:195,1
DA:196,4
DA:197,5
DA:198,5
DA:204,4
DA:210,1
DA:211,3
DA:213,3
DA:214,4
DA:219,1
DA:222,0
DA:230,1
DA:232,1
DA:233,1
DA:234,1
DA:235,2
DA:237,1
DA:239,1
DA:240,1
DA:246,1
DA:247,1
DA:248,1
DA:259,1
DA:260,2
DA:262,1
DA:264,1
DA:265,5
DA:266,1
DA:267,1
DA:268,5
DA:272,1
DA:273,1
DA:274,1
DA:275,1
DA:276,0
DA:278,1
DA:279,6
DA:280,5
DA:285,2
DA:286,0
DA:287,0
DA:290,0
DA:291,0
DA:292,0
DA:296,0
DA:297,0
DA:307,0
DA:308,0
DA:310,0
DA:311,0
DA:313,0
DA:314,0
DA:317,0
DA:320,0
DA:322,0
DA:323,0
DA:327,0
DA:329,0
DA:330,0
DA:339,1
DA:340,1
DA:341,1
DA:342,1
DA:343,1
DA:345,3
DA:346,1
DA:347,3
DA:348,1
DA:349,1
DA:350,2
DA:352,3
DA:354,1
DA:355,1
DA:358,2
DA:359,1
DA:360,1
DA:361,1
DA:362,2
DA:366,1
DA:367,2
DA:368,1
DA:369,1
DA:370,1
DA:371,1
DA:372,2
DA:377,1
DA:386,1
DA:387,3
DA:388,1
DA:390,1
DA:392,1
DA:394,1
DA:396,0
DA:400,1
DA:401,1
DA:402,1
DA:403,5
DA:404,0
DA:405,0
DA:407,1
DA:408,1
DA:410,0
DA:411,1
DA:412,5
DA:413,0
DA:414,0
DA:417,1
DA:418,3
DA:419,1
DA:420,4
DA:421,1
DA:423,1
DA:425,0
DA:426,0
DA:427,0
DA:428,0
DA:430,0
DA:432,0
DA:437,0
DA:438,1
DA:439,1
DA:440,3
DA:441,1
DA:442,1
DA:451,0
DA:455,0
DA:456,0
DA:460,0
DA:464,0
DA:468,0
DA:472,0
DA:478,0
DA:480,0
DA:481,0
DA:482,0
DA:484,0
DA:488,1
DA:490,1
DA:491,1
DA:494,1
DA:497,0
DA:500,0
DA:503,0
DA:508,1
DA:509,1
DA:510,1
DA:511,1
DA:512,3
DA:516,2
DA:521,1
DA:523,1
DA:524,1
DA:525,1
DA:526,2
DA:528,0
DA:531,0
DA:532,0
DA:534,0
DA:535,0
DA:539,1
DA:541,1
DA:542,5
DA:547,1
DA:551,1
DA:553,3
DA:554,0
DA:556,0
DA:559,0
DA:562,1
DA:564,1
DA:565,1
DA:566,1
DA:568,1
DA:570,1
DA:579,1
DA:580,1
DA:581,1
DA:582,0
DA:588,0
DA:589,0
DA:590,0
DA:599,0
DA:601,0
DA:602,0
DA:603,0
DA:610,0
DA:611,0
DA:621,1
DA:622,1
DA:624,1
DA:626,1
DA:627,3
DA:628,1
DA:630,1
DA:631,1
DA:632,1
DA:635,4
DA:639,1
DA:641,5
DA:649,1
DA:651,1
DA:652,1
DA:653,4
DA:654,2
DA:659,3
DA:660,1
DA:661,1
DA:662,1
DA:665,4
DA:668,1
DA:670,5
DA:677,1
DA:679,4
DA:680,1
DA:681,5
DA:682,1
DA:683,4
DA:686,1
DA:690,1
DA:696,1
DA:697,1
DA:699,1
DA:700,5
DA:701,1
DA:703,1
DA:705,1
DA:706,1
DA:708,5
DA:713,1
DA:715,1
DA:716,4
DA:717,3
DA:718,3
DA:726,1
DA:727,1
DA:728,1
DA:729,1
DA:731,5
DA:735,1
DA:737,5
DA:738,4
DA:745,1
DA:746,6
DA:747,6
DA:748,5
DA:750,1
DA:752,1
DA:753,5
DA:756,1
DA:757,1
DA:758,1
DA:760,1
DA:761,1
DA:762,2
DA:764,2
DA:766,2
DA:771,1
DA:773,1
DA:774,1
DA:775,1
DA:776,3
DA:782,1
DA:793,1
DA:794,1
DA:796,1
DA:797,1
DA:800,1
DA:806,1
DA:807,1
DA:808,1
DA:809,1
DA:820,0
DA:821,0
DA:822,0
DA:823,0
DA:825,0
DA:829,0
DA:831,0
DA:832,0
DA:835,0
DA:836,0
DA:837,0
DA:838,0
DA:840,0
DA:844,0
DA:846,0
DA:847,0
DA:850,1
DA:851,4
DA:854,1
DA:855,1
DA:858,1
DA:860,4
DA:861,1
DA:862,1
DA:865,4
DA:868,1
DA:869,3
DA:873,6
DA:874,3
DA:875,1
DA:878,1
DA:879,1
DA:887,2
DA:889,3
DA:890,1
DA:892,3
DA:893,3
DA:894,2
DA:897,2
DA:898,3
DA:901,1
DA:902,3
DA:903,2
LF:400
LH:285
end_of_record
SF:lib/widgets/accessibility/accessible_icon_button.dart
DA:18,2
DA:30,2
DA:32,2
DA:33,2
DA:41,2
DA:43,2
DA:44,8
DA:45,6
DA:48,2
DA:50,4
DA:51,4
DA:53,0
DA:55,2
DA:58,0
DA:59,0
DA:60,0
DA:63,0
DA:64,0
DA:68,2
DA:70,2
DA:71,2
DA:72,2
DA:73,2
DA:74,8
DA:76,4
DA:77,4
DA:78,1
DA:79,2
DA:82,0
DA:85,2
DA:86,4
DA:87,4
DA:90,4
DA:91,2
DA:92,0
DA:93,0
DA:94,2
DA:95,2
DA:96,2
DA:97,4
DA:98,2
DA:100,2
DA:101,2
DA:102,2
DA:103,2
DA:105,2
DA:106,4
DA:107,2
DA:108,4
DA:110,6
DA:113,4
DA:114,2
DA:125,2
DA:126,4
DA:128,4
DA:129,0
DA:130,0
DA:131,0
DA:132,0
DA:134,0
DA:140,2
DA:141,2
DA:142,0
DA:143,0
DA:144,0
LF:65
LH:48
end_of_record
SF:lib/widgets/file_organizer/modern/modern_file_browser.dart
DA:21,1
DA:29,1
DA:31,1
DA:32,1
DA:59,1
DA:61,1
DA:63,2
DA:64,2
DA:68,2
DA:71,2
DA:72,1
DA:77,2
DA:78,2
DA:80,1
DA:83,1
DA:85,2
DA:86,2
DA:87,1
DA:89,1
DA:90,1
DA:91,2
DA:92,2
DA:93,1
DA:96,1
DA:97,3
DA:98,1
DA:99,0
DA:100,0
DA:101,0
DA:104,1
DA:105,1
DA:107,1
DA:108,0
DA:110,3
DA:114,1
DA:115,2
DA:116,1
DA:117,1
DA:121,1
DA:122,1
DA:123,0
DA:126,0
DA:127,0
DA:128,0
DA:130,0
DA:131,0
DA:132,0
DA:133,0
DA:134,0
DA:135,0
DA:138,0
DA:140,0
DA:141,0
DA:142,0
DA:147,0
DA:148,0
DA:149,0
DA:152,0
DA:155,0
DA:158,0
DA:159,0
DA:160,0
DA:163,0
DA:164,0
DA:167,0
DA:169,0
DA:170,0
DA:173,0
DA:174,0
DA:177,0
DA:178,0
DA:179,0
DA:181,0
DA:182,0
DA:183,0
DA:190,0
DA:193,0
DA:194,0
DA:196,0
DA:197,0
DA:198,0
DA:200,0
DA:202,0
DA:204,0
DA:205,0
DA:208,0
DA:211,0
DA:213,0
DA:215,0
DA:217,0
DA:218,0
DA:222,0
DA:224,0
DA:228,0
DA:230,0
DA:231,0
DA:233,0
DA:234,0
DA:235,0
DA:236,0
DA:237,0
DA:238,0
DA:239,0
DA:244,0
DA:245,0
DA:249,0
DA:250,0
DA:253,0
DA:254,0
DA:258,0
DA:260,0
DA:261,0
DA:262,0
DA:263,0
DA:264,0
DA:265,0
DA:267,0
DA:268,0
DA:270,0
DA:274,0
DA:275,0
DA:276,0
DA:277,0
DA:278,0
DA:281,0
DA:282,0
DA:286,0
DA:288,0
DA:289,0
DA:291,0
DA:292,0
DA:293,0
DA:294,0
DA:295,0
DA:296,0
DA:297,0
DA:302,0
DA:303,0
DA:307,0
DA:308,0
DA:311,0
DA:312,0
DA:316,0
DA:318,0
DA:319,0
DA:320,0
DA:321,0
DA:322,0
DA:323,0
DA:325,0
DA:326,0
DA:328,0
DA:332,0
DA:333,0
DA:334,0
DA:335,0
DA:336,0
DA:337,0
DA:338,0
DA:339,0
DA:340,0
DA:341,0
DA:345,0
DA:346,0
DA:350,0
DA:352,0
DA:354,0
DA:356,0
DA:358,0
DA:359,0
DA:363,0
DA:365,0
DA:367,0
DA:370,0
DA:372,0
DA:376,0
DA:377,0
DA:378,0
DA:380,0
DA:383,1
DA:385,1
DA:386,0
DA:387,0
DA:388,0
DA:389,0
DA:390,0
DA:391,0
DA:393,0
DA:394,0
DA:397,0
DA:398,0
DA:399,0
DA:400,0
DA:401,0
DA:402,0
DA:403,0
DA:404,0
DA:405,0
DA:407,0
DA:408,0
DA:409,0
DA:410,0
DA:416,0
DA:427,0
DA:428,0
DA:430,0
DA:431,0
DA:434,0
DA:435,0
DA:436,0
DA:437,0
DA:438,0
DA:442,0
DA:443,0
DA:444,0
DA:449,0
DA:450,0
DA:459,0
DA:460,0
DA:462,0
DA:463,0
DA:464,0
DA:465,0
DA:466,0
DA:467,0
DA:468,0
DA:473,0
DA:474,0
DA:475,0
DA:476,0
DA:477,0
DA:478,0
DA:481,0
DA:482,0
DA:483,0
DA:484,0
DA:485,0
DA:491,0
DA:492,0
DA:499,0
DA:500,0
DA:501,0
DA:502,0
DA:503,0
DA:510,0
DA:511,0
DA:518,0
DA:524,0
DA:525,0
DA:527,0
DA:528,0
DA:532,0
DA:533,0
DA:537,0
DA:539,0
DA:545,0
DA:546,0
DA:547,0
DA:549,0
DA:550,0
DA:554,0
DA:555,0
DA:556,0
DA:558,0
DA:559,0
DA:560,0
DA:561,0
DA:562,0
DA:569,0
DA:570,0
DA:571,0
DA:572,0
DA:573,0
DA:578,0
DA:579,0
DA:580,0
DA:581,0
DA:582,0
DA:586,0
DA:587,0
DA:588,0
DA:591,0
DA:592,0
DA:594,0
DA:597,0
DA:601,0
DA:602,0
DA:604,0
DA:605,0
DA:607,0
DA:608,0
DA:611,0
DA:613,0
DA:614,0
DA:615,0
DA:616,0
DA:617,0
DA:618,0
DA:619,0
DA:622,0
DA:625,0
DA:626,0
DA:627,0
DA:628,0
DA:630,0
DA:633,0
DA:635,0
DA:636,0
DA:638,0
DA:639,0
DA:641,0
DA:643,0
DA:644,0
DA:648,0
DA:649,0
DA:650,0
DA:651,0
DA:662,0
DA:665,0
DA:666,0
DA:668,0
DA:669,0
DA:670,0
DA:671,0
DA:672,0
DA:674,0
DA:675,0
DA:676,0
DA:677,0
DA:678,0
DA:679,0
DA:681,0
DA:682,0
DA:684,0
DA:685,0
DA:687,0
DA:688,0
DA:694,0
DA:697,0
DA:702,0
DA:703,0
DA:706,0
DA:708,0
DA:709,0
DA:711,0
DA:717,0
DA:718,0
DA:720,0
DA:721,0
DA:722,0
DA:725,0
DA:726,0
DA:728,0
DA:737,0
DA:742,0
DA:743,0
DA:745,0
DA:746,0
DA:747,0
DA:750,0
DA:751,0
DA:753,0
DA:762,0
DA:767,0
DA:768,0
DA:769,0
DA:770,0
DA:771,0
DA:774,0
DA:776,0
DA:777,0
DA:778,0
DA:779,0
DA:781,0
DA:782,0
DA:783,0
DA:785,0
DA:790,0
DA:791,0
DA:796,0
DA:798,0
DA:799,0
DA:800,0
DA:801,0
DA:812,0
DA:813,0
DA:814,0
DA:815,0
DA:816,0
DA:819,0
DA:821,0
DA:822,0
DA:823,0
DA:826,0
DA:827,0
DA:828,0
DA:830,0
DA:835,0
DA:836,0
DA:837,0
DA:838,0
DA:847,0
DA:848,0
DA:849,0
DA:850,0
DA:854,0
DA:855,0
DA:856,0
DA:857,0
DA:867,0
DA:868,0
DA:871,0
DA:872,0
DA:873,0
DA:875,0
DA:876,0
DA:877,0
DA:879,0
DA:882,0
DA:883,0
DA:884,0
DA:885,0
DA:886,0
DA:895,0
DA:896,0
DA:909,0
DA:910,0
DA:911,0
DA:913,0
DA:914,0
DA:917,0
DA:920,0
DA:922,0
DA:923,0
DA:931,0
DA:933,0
DA:934,0
DA:935,0
DA:936,0
DA:941,0
DA:942,0
DA:943,0
DA:946,0
DA:949,0
DA:950,0
DA:951,0
DA:954,0
DA:955,0
DA:957,0
DA:958,0
DA:959,0
DA:960,0
DA:961,0
DA:962,0
DA:963,0
DA:964,0
DA:965,0
DA:970,0
DA:972,0
DA:974,0
DA:975,0
DA:976,0
DA:977,0
DA:983,0
DA:986,0
DA:988,0
DA:989,0
DA:990,0
DA:991,0
DA:998,0
DA:999,0
DA:1001,0
DA:1002,0
DA:1005,0
DA:1006,0
DA:1007,0
DA:1008,0
DA:1012,0
DA:1013,0
DA:1014,0
DA:1015,0
DA:1016,0
DA:1017,0
DA:1028,0
DA:1029,0
DA:1030,0
DA:1031,0
DA:1032,0
DA:1034,0
DA:1037,0
DA:1038,0
DA:1039,0
DA:1041,0
DA:1042,0
DA:1043,0
DA:1044,0
DA:1045,0
DA:1046,0
DA:1047,0
DA:1048,0
DA:1055,0
DA:1056,0
DA:1057,0
DA:1058,0
DA:1060,0
DA:1061,0
DA:1062,0
DA:1064,0
DA:1065,0
DA:1067,0
DA:1068,0
DA:1070,0
DA:1071,0
DA:1073,0
DA:1074,0
DA:1075,0
DA:1078,0
DA:1079,0
DA:1080,0
DA:1087,0
DA:1088,0
DA:1090,0
DA:1091,0
DA:1092,0
DA:1094,0
DA:1098,0
DA:1099,0
DA:1102,0
DA:1103,0
DA:1104,0
DA:1105,0
DA:1106,0
DA:1107,0
DA:1108,0
DA:1109,0
DA:1114,0
DA:1115,0
DA:1116,0
DA:1120,0
DA:1121,0
DA:1122,0
DA:1123,0
DA:1124,0
DA:1126,0
DA:1127,0
DA:1128,0
DA:1129,0
DA:1131,0
DA:1132,0
DA:1133,0
DA:1138,0
DA:1143,0
DA:1148,0
DA:1149,0
DA:1151,0
DA:1152,0
DA:1153,0
DA:1154,0
DA:1155,0
DA:1162,0
DA:1163,0
DA:1164,0
DA:1167,0
DA:1168,0
DA:1170,0
DA:1171,0
DA:1172,0
DA:1173,0
DA:1174,0
DA:1177,0
DA:1178,0
DA:1179,0
DA:1191,0
DA:1192,0
DA:1193,0
DA:1194,0
DA:1195,0
DA:1196,0
DA:1197,0
DA:1198,0
DA:1199,0
DA:1202,0
DA:1203,0
DA:1205,0
DA:1206,0
DA:1207,0
DA:1208,0
DA:1211,0
DA:1212,0
DA:1213,0
DA:1225,0
DA:1226,0
DA:1229,0
DA:1230,0
DA:1231,0
DA:1232,0
DA:1233,0
DA:1247,0
DA:1256,0
DA:1257,0
DA:1258,0
DA:1259,0
DA:1260,0
DA:1261,0
DA:1262,0
DA:1263,0
DA:1267,0
DA:1268,0
DA:1269,0
DA:1270,0
DA:1271,0
DA:1272,0
DA:1273,0
DA:1274,0
DA:1278,0
DA:1279,0
DA:1280,0
DA:1281,0
DA:1282,0
DA:1295,0
DA:1304,0
DA:1305,0
DA:1306,0
DA:1307,0
DA:1308,0
DA:1309,0
DA:1310,0
DA:1311,0
DA:1315,0
DA:1316,0
DA:1317,0
DA:1318,0
DA:1319,0
DA:1320,0
DA:1321,0
DA:1322,0
DA:1326,0
DA:1327,0
DA:1328,0
DA:1329,0
DA:1330,0
DA:1331,0
DA:1332,0
DA:1333,0
DA:1334,0
LF:645
LH:38
end_of_record
SF:lib/widgets/file_organizer/modern/enhanced_organization_selector.dart
DA:13,1
DA:19,1
DA:21,1
DA:22,1
DA:38,1
DA:40,1
DA:41,2
DA:45,2
DA:48,2
DA:49,1
DA:53,1
DA:54,2
DA:57,1
DA:59,2
DA:60,2
DA:61,1
DA:64,1
DA:65,2
DA:66,1
DA:67,1
DA:68,1
DA:72,1
DA:73,2
DA:75,3
DA:78,1
DA:79,1
DA:80,2
DA:84,0
DA:85,0
DA:86,0
DA:87,0
DA:88,0
DA:92,3
DA:94,3
DA:98,1
DA:99,2
DA:102,1
DA:103,1
DA:104,2
DA:108,0
DA:109,0
DA:110,0
DA:111,0
DA:112,0
DA:116,3
DA:120,1
DA:122,1
DA:123,1
DA:124,2
DA:128,0
DA:129,0
DA:130,0
DA:131,0
DA:134,3
DA:138,1
DA:139,2
DA:140,1
DA:141,3
DA:144,1
DA:145,2
DA:146,1
DA:147,2
DA:151,0
DA:152,0
DA:153,0
DA:154,0
DA:157,0
DA:158,0
DA:161,0
DA:164,0
DA:165,0
DA:166,0
DA:171,0
DA:172,0
DA:175,0
DA:176,0
DA:177,0
DA:178,0
DA:179,0
DA:183,0
DA:187,0
DA:188,0
DA:189,0
DA:190,0
DA:197,1
DA:198,2
DA:199,2
DA:200,1
DA:202,1
DA:205,1
DA:206,1
DA:207,1
DA:209,3
DA:210,1
DA:214,4
DA:217,1
DA:218,1
DA:219,4
DA:224,1
DA:225,1
DA:226,1
DA:232,1
DA:233,1
DA:234,2
DA:235,1
DA:237,1
DA:239,1
DA:240,1
DA:241,1
DA:242,1
DA:244,1
DA:245,2
DA:246,1
DA:248,1
DA:249,1
DA:250,1
DA:255,1
DA:256,1
DA:258,1
DA:259,1
DA:260,1
DA:261,5
DA:264,3
DA:269,1
DA:270,1
DA:271,5
DA:272,1
DA:279,1
DA:281,3
DA:287,1
DA:288,1
DA:289,4
DA:291,3
DA:293,1
DA:296,4
DA:298,1
DA:299,2
DA:300,1
DA:301,1
DA:302,2
DA:305,1
DA:307,5
DA:308,2
DA:312,1
DA:322,1
DA:323,2
DA:324,2
DA:326,1
DA:329,0
DA:330,0
DA:331,0
DA:334,0
DA:335,0
DA:336,0
DA:337,0
DA:339,0
DA:341,0
DA:342,0
DA:343,0
DA:344,0
DA:346,0
DA:348,0
DA:350,0
DA:356,0
DA:357,0
DA:358,0
DA:360,0
DA:362,0
DA:363,0
DA:365,0
DA:366,0
DA:367,0
DA:373,0
DA:375,0
DA:377,0
DA:379,0
DA:383,0
DA:386,0
DA:387,0
DA:388,0
DA:389,0
DA:392,0
DA:393,0
DA:394,0
DA:396,0
DA:397,0
DA:399,0
DA:410,1
DA:411,4
DA:415,0
DA:417,0
DA:419,0
DA:420,0
DA:421,0
DA:423,0
DA:425,0
DA:427,0
DA:431,0
DA:432,0
DA:433,0
DA:434,0
DA:435,0
DA:437,0
DA:438,0
DA:439,0
DA:444,0
DA:446,0
DA:447,0
DA:448,0
DA:450,0
DA:452,0
DA:453,0
DA:454,0
DA:455,0
DA:456,0
DA:457,0
DA:458,0
DA:462,0
DA:463,0
DA:464,0
DA:468,0
DA:470,0
DA:471,0
DA:472,0
DA:477,0
DA:478,0
DA:479,0
DA:481,0
DA:482,0
DA:483,0
DA:485,0
DA:490,0
DA:491,0
DA:492,0
DA:498,0
DA:501,0
DA:510,1
DA:511,4
DA:515,0
DA:517,0
DA:518,0
DA:520,0
DA:523,0
DA:524,0
DA:525,0
DA:526,0
DA:528,0
DA:529,0
DA:531,0
DA:533,0
DA:534,0
DA:536,0
DA:537,0
DA:541,0
DA:542,0
DA:544,0
DA:546,0
DA:547,0
DA:548,0
DA:552,0
DA:553,0
DA:568,0
DA:569,0
DA:571,0
DA:572,0
DA:573,0
DA:574,0
DA:575,0
DA:576,0
DA:580,0
DA:581,0
DA:584,0
DA:586,0
DA:587,0
DA:589,0
DA:590,0
DA:591,0
DA:593,0
DA:594,0
DA:595,0
DA:597,0
DA:601,0
DA:603,0
DA:604,0
DA:605,0
DA:607,0
DA:614,0
DA:616,0
DA:617,0
DA:618,0
DA:622,0
DA:623,0
DA:633,0
DA:634,0
DA:635,0
DA:637,0
DA:639,0
DA:641,0
DA:642,0
DA:643,0
DA:644,0
DA:646,0
DA:650,0
DA:652,0
DA:654,0
DA:655,0
DA:656,0
DA:661,0
DA:662,0
DA:665,0
DA:666,0
DA:667,0
DA:668,0
DA:672,0
DA:675,0
DA:676,0
DA:677,0
DA:678,0
DA:685,0
DA:687,0
DA:688,0
DA:689,0
DA:690,0
DA:691,0
DA:692,0
DA:693,0
DA:698,0
DA:700,0
DA:701,0
DA:709,0
DA:710,0
DA:711,0
DA:712,0
DA:720,0
DA:722,0
DA:723,0
DA:724,0
DA:726,0
DA:727,0
DA:735,0
DA:736,0
DA:737,0
DA:738,0
DA:746,0
DA:748,0
DA:749,0
DA:750,0
DA:752,0
DA:755,0
DA:756,0
DA:757,0
DA:758,0
DA:762,0
DA:763,0
DA:764,0
DA:772,1
DA:774,1
DA:775,1
DA:776,1
DA:777,1
DA:779,1
DA:780,1
DA:782,4
DA:787,1
DA:789,4
DA:790,1
DA:796,3
DA:799,1
DA:802,1
DA:805,1
DA:812,1
DA:814,1
DA:815,1
DA:821,1
DA:823,1
DA:824,1
DA:830,1
DA:832,1
DA:833,1
DA:839,1
DA:841,1
DA:842,1
DA:848,1
DA:863,1
DA:885,0
DA:897,0
DA:898,0
DA:899,0
DA:900,0
DA:901,0
DA:902,0
DA:903,0
DA:904,0
DA:905,0
DA:907,0
DA:908,0
DA:909,0
DA:910,0
DA:922,0
DA:929,0
DA:930,0
DA:931,0
DA:932,0
DA:933,0
DA:934,0
DA:950,0
DA:961,0
DA:962,0
DA:963,0
DA:964,0
DA:965,0
DA:966,0
DA:967,0
DA:968,0
DA:970,0
DA:971,0
DA:972,0
DA:973,0
DA:977,0
DA:978,0
DA:979,0
DA:980,0
DA:981,0
DA:982,0
DA:983,0
DA:984,0
DA:985,0
DA:986,0
DA:993,0
DA:995,0
DA:997,0
DA:999,0
DA:1001,0
DA:1006,0
DA:1008,0
DA:1010,0
DA:1012,0
DA:1014,0
LF:438
LH:145
end_of_record
SF:lib/widgets/file_organizer/modern/enhanced_drive_monitor.dart
DA:12,2
DA:18,1
DA:20,1
DA:21,1
DA:31,1
DA:33,1
DA:35,2
DA:40,2
DA:45,2
DA:48,2
DA:49,1
DA:53,2
DA:56,2
DA:57,1
DA:61,2
DA:64,3
DA:65,1
DA:69,1
DA:71,2
DA:72,2
DA:73,1
DA:76,1
DA:77,2
DA:79,3
DA:81,2
DA:82,2
DA:86,1
DA:88,1
DA:89,1
DA:90,1
DA:92,1
DA:93,1
DA:95,1
DA:97,1
DA:99,1
DA:100,1
DA:102,1
DA:104,1
DA:105,1
DA:106,1
DA:108,3
DA:110,1
DA:120,1
DA:121,1
DA:122,1
DA:123,1
DA:125,4
DA:129,1
DA:131,5
DA:136,2
DA:137,1
DA:139,1
DA:140,4
DA:141,1
DA:143,1
DA:144,6
DA:145,1
DA:146,4
DA:152,1
DA:153,1
DA:154,1
DA:155,1
DA:156,1
DA:157,4
DA:158,1
DA:159,2
DA:170,1
DA:171,1
DA:173,1
DA:175,1
DA:177,5
DA:178,0
DA:179,1
DA:180,1
DA:182,5
DA:183,0
DA:186,1
DA:188,1
DA:189,1
DA:192,1
DA:200,1
DA:202,1
DA:204,4
DA:205,0
DA:215,1
DA:216,1
DA:217,0
DA:220,2
DA:221,1
DA:224,1
DA:225,5
DA:229,0
DA:230,0
DA:245,1
DA:246,1
DA:248,1
DA:249,1
DA:251,1
DA:252,1
DA:255,4
DA:258,1
DA:260,5
DA:261,4
DA:265,1
DA:267,5
DA:268,4
DA:277,1
DA:278,4
DA:279,2
DA:280,5
DA:283,1
DA:285,1
DA:288,0
DA:290,1
DA:291,1
DA:293,0
DA:296,1
DA:297,0
DA:298,0
DA:299,0
DA:301,1
DA:302,1
DA:304,1
DA:305,1
DA:306,1
DA:307,1
DA:308,1
DA:310,1
DA:311,1
DA:313,1
DA:314,1
DA:315,1
DA:316,1
DA:317,1
DA:318,1
DA:319,5
DA:322,0
DA:327,1
DA:331,1
DA:332,1
DA:333,5
DA:335,0
DA:336,4
DA:342,1
DA:343,1
DA:344,0
DA:351,1
DA:352,4
DA:354,1
DA:364,1
DA:368,2
DA:369,1
DA:373,0
DA:377,0
DA:381,0
DA:390,1
DA:392,1
DA:393,1
DA:394,1
DA:396,1
DA:404,1
DA:405,1
DA:406,1
DA:408,1
DA:409,4
DA:410,1
DA:412,1
DA:414,1
DA:415,4
DA:423,1
DA:425,1
DA:426,1
DA:427,1
DA:440,1
DA:441,3
DA:443,1
DA:444,1
DA:445,1
DA:447,1
DA:448,1
DA:449,2
DA:450,5
DA:452,0
DA:456,1
DA:457,3
DA:458,5
DA:460,0
DA:467,1
DA:470,0
DA:471,5
DA:472,1
DA:473,1
DA:475,1
DA:478,0
DA:479,4
DA:483,1
DA:484,3
DA:485,5
DA:487,0
DA:488,4
DA:495,1
DA:496,1
DA:498,1
DA:500,0
DA:501,5
DA:502,1
DA:504,1
DA:506,1
DA:507,1
DA:511,0
DA:512,4
DA:515,1
DA:516,1
DA:517,1
DA:521,0
DA:522,4
DA:530,1
DA:531,2
DA:533,5
DA:534,5
DA:535,5
DA:537,1
DA:539,1
DA:540,5
DA:541,1
DA:543,1
DA:545,1
DA:546,2
DA:547,2
DA:548,2
DA:554,1
DA:555,1
DA:556,1
DA:557,1
DA:560,4
DA:563,1
DA:565,5
DA:569,1
DA:571,5
DA:572,4
DA:579,0
DA:580,0
DA:581,0
DA:585,0
DA:587,0
DA:589,0
DA:590,0
DA:592,0
DA:595,0
DA:598,0
DA:599,0
DA:600,0
DA:603,0
DA:606,0
DA:607,0
DA:611,0
DA:614,0
DA:615,0
DA:616,0
DA:625,0
DA:626,0
DA:628,0
DA:629,0
DA:630,0
DA:632,0
DA:639,0
DA:640,0
DA:641,0
DA:644,0
DA:645,0
DA:646,0
DA:647,0
DA:648,0
DA:657,0
DA:658,0
DA:659,0
DA:660,0
DA:661,0
DA:662,0
DA:664,0
DA:667,0
DA:668,0
DA:669,0
DA:670,0
DA:671,0
DA:672,0
DA:673,0
DA:674,0
DA:675,0
DA:679,0
DA:680,0
DA:681,0
DA:689,0
DA:690,0
DA:692,0
DA:694,0
DA:695,0
DA:697,0
DA:698,0
DA:702,0
DA:703,0
DA:710,1
DA:711,1
DA:714,1
DA:716,4
DA:717,1
DA:718,1
DA:721,4
LF:308
LH:222
end_of_record
SF:lib/widgets/accessibility/keyboard_shortcuts.dart
DA:9,1
DA:13,1
DA:17,1
DA:21,1
DA:25,1
DA:29,1
DA:33,1
DA:47,1
DA:57,1
DA:59,1
DA:60,1
DA:67,1
DA:69,1
DA:70,1
DA:71,1
DA:74,1
DA:75,2
DA:93,1
DA:94,2
DA:95,1
DA:96,0
DA:97,0
DA:98,0
DA:102,1
DA:103,0
DA:104,0
DA:105,0
DA:109,1
DA:110,0
DA:111,0
DA:112,0
DA:116,1
DA:117,0
DA:118,0
DA:119,0
DA:123,1
DA:124,0
DA:125,0
DA:126,0
DA:130,1
DA:131,0
DA:132,0
DA:133,0
DA:137,1
DA:138,0
DA:139,0
DA:140,0
DA:147,0
DA:148,0
DA:149,0
DA:150,0
DA:154,0
DA:155,0
DA:156,0
DA:157,0
DA:161,1
DA:163,1
DA:164,1
DA:165,1
DA:166,1
DA:167,2
DA:175,1
DA:177,0
DA:179,0
DA:180,0
DA:182,0
DA:183,0
DA:185,0
DA:188,0
DA:189,0
DA:192,0
DA:193,0
DA:195,0
DA:196,0
DA:197,0
DA:198,0
DA:203,0
DA:205,0
DA:206,0
DA:207,0
DA:208,0
DA:209,0
DA:214,0
DA:216,0
DA:217,0
DA:218,0
DA:219,0
DA:226,0
DA:227,0
DA:228,0
DA:229,0
DA:231,0
DA:240,0
DA:245,0
DA:247,0
DA:248,0
DA:250,0
DA:251,0
DA:254,0
DA:256,0
DA:257,0
DA:258,0
DA:260,0
DA:261,0
DA:262,0
DA:264,0
DA:265,0
DA:266,0
DA:267,0
DA:271,0
DA:272,0
DA:273,0
DA:274,0
DA:275,0
DA:290,0
DA:300,0
DA:306,0
DA:308,0
DA:309,0
DA:315,0
DA:317,0
DA:318,0
DA:319,0
DA:321,0
DA:322,0
DA:323,0
DA:328,0
DA:329,0
DA:330,0
DA:331,0
DA:333,0
DA:336,0
DA:338,0
DA:339,0
DA:340,0
DA:343,0
DA:345,0
DA:346,0
DA:347,0
DA:348,0
DA:349,0
LF:141
LH:33
end_of_record
SF:lib/models/error_handling_models.dart
DA:96,1
DA:109,2
DA:110,1
DA:111,1
DA:112,1
DA:113,1
DA:114,1
DA:115,1
DA:116,2
DA:117,1
DA:118,1
DA:119,1
DA:122,1
DA:123,1
DA:124,1
DA:125,1
DA:126,1
DA:127,1
DA:128,1
DA:129,2
DA:130,1
DA:131,2
DA:132,0
DA:133,1
DA:134,2
DA:135,2
DA:152,1
DA:164,2
DA:165,1
DA:166,1
DA:167,1
DA:168,2
DA:169,1
DA:170,1
DA:171,1
DA:172,2
DA:173,1
DA:176,1
DA:177,1
DA:178,1
DA:179,1
DA:180,1
DA:181,1
DA:182,4
DA:183,0
DA:185,2
DA:186,1
DA:187,1
DA:188,1
DA:189,2
DA:191,2
DA:215,1
DA:231,2
DA:232,1
DA:233,2
DA:234,2
DA:235,1
DA:236,1
DA:237,1
DA:238,2
DA:239,1
DA:240,1
DA:241,5
DA:242,1
DA:243,2
DA:244,2
DA:248,3
DA:249,1
DA:250,0
DA:253,1
DA:255,4
DA:257,0
DA:262,3
DA:265,1
DA:266,4
DA:268,1
DA:269,2
DA:282,1
DA:300,1
DA:302,1
DA:303,2
DA:304,1
DA:305,1
DA:306,1
DA:319,1
DA:338,0
DA:340,0
DA:341,0
DA:342,0
DA:343,0
DA:344,0
DA:345,0
DA:357,1
DA:375,0
DA:377,0
DA:378,0
DA:379,0
DA:380,0
DA:381,0
DA:394,1
DA:413,0
DA:415,0
DA:416,0
DA:417,0
DA:418,0
DA:419,0
DA:420,0
DA:434,1
DA:454,0
DA:456,0
DA:457,0
DA:458,0
DA:459,0
DA:460,0
DA:461,0
DA:462,0
DA:518,1
DA:519,2
DA:527,1
DA:532,1
DA:533,1
DA:536,1
DA:537,3
DA:538,2
DA:539,2
DA:544,0
DA:545,0
DA:553,1
DA:554,1
DA:555,1
DA:559,1
DA:560,1
DA:561,1
DA:571,1
DA:572,9
DA:576,1
DA:588,1
DA:590,1
DA:591,1
DA:593,1
DA:600,1
DA:601,1
DA:602,1
DA:610,1
DA:623,1
DA:625,1
DA:626,1
DA:628,1
DA:635,1
DA:636,1
DA:637,1
DA:646,1
DA:658,1
DA:660,1
DA:661,1
DA:663,1
DA:670,1
DA:671,1
DA:672,1
DA:675,0
DA:680,1
DA:693,1
DA:695,1
DA:696,1
DA:698,1
DA:705,1
DA:706,1
DA:707,1
DA:711,0
DA:716,1
DA:730,1
DA:732,1
DA:733,1
DA:735,1
DA:742,1
DA:743,1
DA:744,1
DA:749,0
DA:754,1
DA:756,1
DA:757,1
DA:758,1
DA:761,1
DA:762,1
DA:763,1
DA:764,1
DA:767,1
DA:768,1
DA:769,1
DA:772,1
DA:773,1
DA:774,1
DA:783,1
DA:788,1
DA:789,1
DA:790,1
DA:798,1
DA:808,1
DA:809,1
DA:810,1
DA:815,1
DA:817,1
DA:820,1
DA:829,1
DA:830,1
DA:831,1
DA:839,1
DA:851,1
DA:852,1
LF:209
LH:172
end_of_record
SF:lib/widgets/file_organizer/modern/organization_assistant.dart
DA:14,1
DA:20,1
DA:22,1
DA:23,1
DA:40,1
DA:42,1
DA:43,2
DA:44,1
DA:47,1
DA:49,2
DA:50,2
DA:51,2
DA:52,1
DA:55,1
DA:56,2
DA:57,1
DA:58,1
DA:59,1
DA:63,1
DA:64,2
DA:66,3
DA:69,1
DA:70,2
DA:73,1
DA:74,2
DA:75,2
DA:79,0
DA:80,0
DA:81,0
DA:82,0
DA:84,0
DA:88,3
DA:89,3
DA:92,3
DA:96,1
DA:98,1
DA:99,1
DA:104,0
DA:105,0
DA:106,0
DA:107,0
DA:112,3
DA:116,1
DA:118,2
DA:120,2
DA:121,2
DA:122,1
DA:130,1
DA:138,1
DA:149,0
DA:153,1
DA:154,2
DA:156,1
DA:157,1
DA:158,6
DA:159,1
DA:163,2
DA:165,2
DA:166,2
DA:167,3
DA:171,1
DA:174,1
DA:176,1
DA:177,1
DA:180,1
DA:181,1
DA:182,1
DA:183,1
DA:184,1
DA:185,2
DA:189,3
DA:193,1
DA:194,3
DA:195,3
DA:202,0
DA:203,0
DA:204,0
DA:205,0
DA:206,0
DA:207,0
DA:210,0
DA:213,0
DA:214,0
DA:218,0
DA:219,0
DA:225,0
DA:226,0
DA:230,0
DA:231,0
DA:236,0
DA:237,0
DA:238,0
DA:242,0
DA:243,0
DA:246,0
DA:249,0
DA:253,1
DA:254,1
DA:256,1
DA:258,1
DA:259,1
DA:260,1
DA:263,1
DA:265,5
DA:270,1
DA:271,1
DA:280,1
DA:281,0
DA:283,0
DA:284,0
DA:285,0
DA:286,0
DA:288,0
DA:290,0
DA:291,0
DA:292,0
DA:293,0
DA:295,0
DA:297,0
DA:299,0
DA:305,0
DA:312,1
DA:313,2
DA:314,1
DA:315,1
DA:317,1
DA:318,1
DA:321,1
DA:324,1
DA:326,1
DA:327,1
DA:334,0
DA:335,0
DA:336,0
DA:337,0
DA:338,0
DA:340,0
DA:341,0
DA:342,0
DA:343,0
DA:344,0
DA:345,0
DA:346,0
DA:352,0
DA:353,0
DA:354,0
DA:355,0
DA:368,1
DA:369,1
DA:371,1
DA:373,1
DA:374,1
DA:375,1
DA:378,1
DA:380,5
DA:385,1
DA:386,1
DA:387,1
DA:389,5
DA:390,1
DA:396,1
DA:397,1
DA:408,2
DA:409,1
DA:411,1
DA:412,1
DA:413,1
DA:414,2
DA:416,1
DA:418,1
DA:419,1
DA:421,5
DA:426,1
DA:433,1
DA:434,1
DA:435,1
DA:436,1
DA:437,1
DA:446,1
DA:447,1
DA:453,1
DA:455,1
DA:457,1
DA:458,3
DA:459,0
DA:463,1
DA:473,1
DA:474,1
DA:482,3
DA:484,1
DA:485,1
DA:488,1
DA:489,1
DA:490,0
DA:491,1
DA:493,1
DA:494,1
DA:502,1
DA:505,0
DA:506,0
DA:507,0
DA:509,0
DA:515,0
DA:516,0
DA:519,0
DA:520,0
DA:521,0
DA:522,0
DA:526,0
DA:530,1
DA:531,1
DA:533,1
DA:535,1
DA:536,1
DA:537,1
DA:540,1
DA:542,5
DA:550,1
DA:551,2
DA:552,1
DA:553,1
DA:555,1
DA:556,1
DA:559,1
DA:562,1
DA:564,1
DA:565,1
DA:570,1
DA:572,1
DA:573,1
DA:580,0
DA:581,0
DA:582,0
DA:583,0
DA:584,0
DA:586,0
DA:587,0
DA:588,0
DA:589,0
DA:590,0
DA:591,0
DA:592,0
DA:598,0
DA:599,0
DA:600,0
DA:602,0
DA:603,0
DA:616,1
DA:617,1
DA:619,1
DA:621,1
DA:622,1
DA:623,1
DA:626,1
DA:628,5
DA:636,1
DA:637,2
DA:638,0
DA:639,0
DA:641,0
DA:642,0
DA:645,0
DA:648,0
DA:650,0
DA:651,0
DA:656,0
DA:658,0
DA:659,0
DA:666,1
DA:667,2
DA:668,1
DA:669,2
DA:670,1
DA:672,1
DA:673,1
DA:674,1
DA:675,1
DA:676,4
DA:677,1
DA:678,1
DA:684,2
DA:685,1
DA:686,2
DA:688,1
DA:689,1
DA:691,1
DA:693,1
DA:694,1
DA:696,4
DA:701,2
DA:703,1
DA:704,1
DA:705,1
DA:706,2
DA:711,1
DA:712,0
DA:717,1
DA:718,0
DA:721,1
DA:741,0
DA:742,0
DA:743,0
DA:744,0
DA:747,1
DA:749,1
DA:751,1
DA:752,1
DA:753,1
DA:755,1
DA:756,3
DA:762,1
DA:763,1
DA:764,1
DA:766,2
DA:770,1
DA:771,1
DA:773,1
DA:774,1
DA:776,4
DA:778,2
DA:781,1
DA:783,4
DA:784,1
DA:793,1
DA:794,1
DA:802,1
DA:803,1
DA:804,1
DA:805,1
DA:806,1
DA:807,1
DA:808,1
DA:809,1
LF:333
LH:224
end_of_record
SF:lib/models/enhanced_file_organizer_models.dart
DA:94,1
DA:104,1
DA:105,1
DA:114,2
DA:115,1
DA:116,1
DA:117,1
DA:118,1
DA:119,1
DA:120,1
DA:121,1
DA:124,1
DA:125,1
DA:126,2
DA:127,2
DA:128,2
DA:129,2
DA:130,2
DA:131,2
DA:132,2
DA:147,2
DA:157,1
DA:167,1
DA:177,1
DA:187,2
DA:188,2
DA:189,1
DA:190,1
DA:191,1
DA:192,1
DA:193,1
DA:194,2
DA:197,1
DA:198,1
DA:199,1
DA:200,4
DA:201,0
DA:203,2
DA:204,2
DA:205,2
DA:206,1
DA:207,1
DA:208,2
DA:222,2
DA:231,2
DA:232,1
DA:233,1
DA:234,1
DA:235,1
DA:236,1
DA:237,1
DA:240,1
DA:241,1
DA:242,1
DA:243,2
DA:244,2
DA:245,2
DA:246,2
DA:247,2
DA:304,1
DA:339,1
DA:372,1
DA:373,1
DA:374,1
DA:375,1
DA:376,1
DA:377,1
DA:378,1
DA:379,1
DA:380,1
DA:381,1
DA:382,1
DA:383,1
DA:384,1
DA:385,1
DA:386,1
DA:387,1
DA:388,1
DA:389,1
DA:390,1
DA:391,1
DA:392,1
DA:393,1
DA:394,1
DA:395,1
DA:396,1
DA:397,1
DA:398,1
DA:399,1
DA:400,1
DA:401,1
DA:402,1
DA:403,1
DA:408,2
DA:409,1
DA:410,2
DA:411,1
DA:412,1
DA:413,1
DA:414,2
DA:415,2
DA:416,2
DA:417,1
DA:418,1
DA:419,1
DA:420,2
DA:421,1
DA:422,1
DA:423,1
DA:424,1
DA:425,1
DA:426,1
DA:427,1
DA:428,1
DA:429,1
DA:430,1
DA:431,1
DA:432,1
DA:433,1
DA:434,1
DA:435,2
DA:436,1
DA:437,1
DA:438,1
DA:439,1
DA:443,1
DA:444,1
DA:445,1
DA:446,1
DA:447,4
DA:448,0
DA:450,1
DA:451,1
DA:452,1
DA:453,1
DA:454,2
DA:455,0
DA:456,1
DA:457,2
DA:458,0
DA:459,1
DA:460,2
DA:462,2
DA:463,2
DA:464,1
DA:465,1
DA:466,4
DA:467,0
DA:469,2
DA:470,1
DA:471,0
DA:473,1
DA:474,0
DA:476,1
DA:477,0
DA:479,1
DA:480,1
DA:481,1
DA:482,2
DA:483,1
DA:484,1
DA:485,0
DA:487,2
DA:488,2
DA:489,1
DA:490,0
DA:492,1
DA:493,2
DA:494,2
DA:495,2
DA:496,2
DA:497,2
DA:502,1
DA:506,1
DA:507,1
DA:508,0
DA:510,1
DA:511,0
DA:513,1
DA:514,0
DA:516,1
DA:517,1
DA:519,0
DA:520,0
DA:523,0
DA:527,5
DA:530,4
DA:533,4
DA:539,1
DA:540,1
DA:541,1
DA:542,2
DA:543,2
DA:547,1
DA:548,1
DA:549,1
DA:550,5
DA:551,1
DA:552,0
DA:553,1
DA:554,4
DA:555,0
DA:556,0
DA:557,0
DA:558,0
DA:559,0
DA:560,0
DA:561,0
DA:562,0
DA:563,0
DA:564,0
DA:565,0
DA:566,0
DA:586,1
DA:597,1
DA:598,1
DA:604,1
DA:608,2
DA:609,2
DA:610,1
DA:611,1
DA:612,1
DA:613,1
DA:614,1
DA:615,2
DA:616,1
DA:619,1
DA:620,1
DA:621,1
DA:622,4
DA:623,0
DA:625,2
DA:626,1
DA:627,1
DA:628,2
DA:629,2
DA:630,1
DA:631,2
DA:632,0
DA:633,2
DA:649,1
DA:660,0
DA:661,0
DA:662,0
DA:663,0
DA:664,0
DA:665,0
DA:666,0
DA:667,0
DA:668,0
DA:671,0
DA:672,0
DA:673,0
DA:674,0
DA:675,0
DA:676,0
DA:677,0
DA:678,0
DA:679,0
DA:680,0
DA:681,0
DA:682,0
DA:728,1
DA:758,1
DA:786,1
DA:787,1
DA:788,1
DA:789,1
DA:790,1
DA:791,1
DA:792,1
DA:793,1
DA:794,1
DA:795,1
DA:796,1
DA:797,1
DA:798,1
DA:799,1
DA:800,1
DA:801,1
DA:802,1
DA:803,1
DA:804,1
DA:805,1
DA:806,1
DA:807,1
DA:808,1
DA:809,1
DA:810,1
DA:811,1
DA:812,1
DA:817,0
DA:818,0
DA:819,0
DA:820,0
DA:821,0
DA:822,0
DA:823,0
DA:824,0
DA:825,0
DA:826,0
DA:827,0
DA:828,0
DA:829,0
DA:830,0
DA:831,0
DA:832,0
DA:833,0
DA:834,0
DA:835,0
DA:836,0
DA:837,0
DA:838,0
DA:839,0
DA:840,0
DA:841,0
DA:842,0
DA:843,0
DA:847,0
DA:848,0
DA:849,0
DA:850,0
DA:851,0
DA:852,0
DA:853,0
DA:854,0
DA:855,0
DA:856,0
DA:857,0
DA:858,0
DA:859,0
DA:860,0
DA:862,0
DA:863,0
DA:865,0
DA:866,0
DA:867,0
DA:868,0
DA:869,0
DA:870,0
DA:871,0
DA:873,0
DA:875,0
DA:876,0
DA:877,0
DA:878,0
DA:879,0
DA:880,0
DA:881,0
DA:882,0
DA:883,0
DA:884,0
DA:885,0
DA:886,0
DA:887,0
DA:892,1
DA:893,2
DA:894,2
DA:895,2
DA:896,2
DA:901,0
DA:902,0
DA:903,0
DA:905,0
DA:907,0
DA:909,0
DA:911,0
DA:913,0
DA:919,1
DA:920,2
DA:921,3
DA:922,3
DA:923,3
DA:924,2
DA:928,1
DA:929,2
DA:932,3
DA:935,0
DA:938,0
DA:941,0
DA:942,0
DA:988,1
DA:1017,1
DA:1044,1
DA:1045,1
DA:1046,1
DA:1047,1
DA:1048,1
DA:1049,1
DA:1050,1
DA:1051,1
DA:1052,1
DA:1053,1
DA:1054,1
DA:1055,0
DA:1056,0
DA:1057,0
DA:1058,0
DA:1059,1
DA:1060,1
DA:1061,1
DA:1062,0
DA:1063,0
DA:1064,0
DA:1065,0
DA:1066,1
DA:1067,1
DA:1068,1
DA:1069,1
DA:1074,1
DA:1075,4
DA:1078,2
DA:1081,3
DA:1085,1
DA:1086,4
DA:1087,1
DA:1088,0
DA:1092,2
DA:1094,4
DA:1095,1
DA:1099,1
DA:1101,3
DA:1102,2
DA:1103,1
DA:1104,3
DA:1109,3
DA:1110,2
DA:1111,1
DA:1112,3
DA:1117,3
DA:1118,4
DA:1125,1
DA:1131,2
DA:1132,2
DA:1133,1
DA:1136,2
DA:1138,2
DA:1139,3
DA:1144,2
DA:1146,1
DA:1150,1
DA:1152,2
DA:1154,5
DA:1158,2
DA:1159,2
DA:1160,2
DA:1168,2
DA:1169,0
DA:1172,1
DA:1176,1
DA:1185,0
DA:1186,0
DA:1187,0
DA:1188,0
DA:1189,0
DA:1190,0
DA:1191,0
DA:1192,0
DA:1193,0
DA:1194,0
DA:1195,0
DA:1196,0
DA:1197,0
DA:1198,0
DA:1199,0
DA:1200,0
DA:1201,0
DA:1202,0
DA:1203,0
DA:1204,0
DA:1205,0
DA:1206,0
DA:1207,0
DA:1208,0
DA:1209,0
DA:1210,0
DA:1214,0
DA:1215,0
DA:1216,0
DA:1217,0
DA:1218,0
DA:1219,0
DA:1220,0
DA:1221,0
DA:1222,0
DA:1223,0
DA:1224,0
DA:1225,0
DA:1226,0
DA:1227,0
DA:1228,0
DA:1229,0
DA:1230,0
DA:1231,0
DA:1232,0
DA:1233,0
DA:1234,0
DA:1235,0
DA:1236,0
DA:1238,0
DA:1239,0
DA:1240,0
DA:1241,0
DA:1242,0
DA:1243,0
DA:1244,0
DA:1299,1
DA:1334,0
DA:1367,0
DA:1368,0
DA:1369,0
DA:1370,0
DA:1371,0
DA:1372,0
DA:1373,0
DA:1374,0
DA:1375,0
DA:1376,0
DA:1377,0
DA:1378,0
DA:1379,0
DA:1380,0
DA:1381,0
DA:1382,0
DA:1383,0
DA:1384,0
DA:1385,0
DA:1386,0
DA:1387,0
DA:1388,0
DA:1389,0
DA:1390,0
DA:1391,0
DA:1392,0
DA:1393,0
DA:1394,0
DA:1395,0
DA:1396,0
DA:1397,0
DA:1398,0
DA:1403,1
DA:1404,6
DA:1408,1
DA:1409,1
DA:1411,2
DA:1412,2
DA:1420,5
DA:1421,2
DA:1425,2
DA:1426,1
DA:1429,2
DA:1430,2
DA:1438,2
DA:1439,2
DA:1451,1
DA:1452,1
DA:1453,1
DA:1454,1
DA:1455,1
DA:1459,2
DA:1460,3
DA:1462,2
DA:1466,0
DA:1467,0
DA:1468,0
DA:1469,0
DA:1470,0
DA:1471,0
DA:1472,0
DA:1473,0
DA:1474,0
DA:1475,0
DA:1476,0
DA:1477,0
DA:1478,0
DA:1479,0
DA:1480,0
DA:1481,0
DA:1482,0
DA:1483,0
DA:1484,0
DA:1485,0
DA:1486,0
DA:1487,0
DA:1488,0
DA:1489,0
DA:1490,0
DA:1491,0
DA:1492,0
DA:1493,0
DA:1494,0
DA:1495,0
DA:1496,0
DA:1497,0
DA:1501,0
DA:1502,0
DA:1503,0
DA:1504,0
DA:1505,0
DA:1506,0
DA:1507,0
DA:1508,0
DA:1509,0
DA:1510,0
DA:1511,0
DA:1512,0
DA:1513,0
DA:1514,0
DA:1515,0
DA:1516,0
DA:1517,0
DA:1518,0
DA:1519,0
DA:1520,0
DA:1521,0
DA:1522,0
DA:1523,0
DA:1524,0
DA:1525,0
DA:1526,0
DA:1527,0
DA:1528,0
DA:1529,0
DA:1530,0
DA:1531,0
DA:1532,0
DA:1533,0
DA:1534,0
DA:1536,0
DA:1537,0
DA:1608,1
DA:1655,1
DA:1700,1
DA:1701,1
DA:1702,1
DA:1703,1
DA:1704,1
DA:1705,1
DA:1706,1
DA:1707,1
DA:1708,1
DA:1709,0
DA:1710,1
DA:1711,1
DA:1712,1
DA:1713,1
DA:1714,1
DA:1715,1
DA:1716,1
DA:1717,1
DA:1718,1
DA:1719,1
DA:1720,1
DA:1721,1
DA:1722,1
DA:1723,1
DA:1724,1
DA:1725,1
DA:1726,1
DA:1727,1
DA:1728,1
DA:1729,1
DA:1730,1
DA:1731,1
DA:1732,1
DA:1733,1
DA:1734,1
DA:1735,1
DA:1736,1
DA:1737,1
DA:1738,1
DA:1739,1
DA:1740,1
DA:1741,1
DA:1742,1
DA:1743,1
DA:1748,1
DA:1749,1
DA:1752,5
DA:1756,6
DA:1761,1
DA:1763,3
DA:1764,1
DA:1768,1
DA:1769,2
DA:1770,2
DA:1771,2
DA:1772,1
DA:1773,2
DA:1777,1
DA:1778,1
DA:1779,3
DA:1783,1
DA:1784,1
DA:1785,1
DA:1787,1
DA:1789,1
DA:1790,3
DA:1791,1
DA:1793,1
DA:1795,1
DA:1797,0
DA:1799,0
DA:1807,1
DA:1808,1
DA:1809,1
DA:1810,5
DA:1811,4
DA:1812,4
DA:1813,4
DA:1814,4
DA:1815,7
DA:1816,1
DA:1821,0
DA:1822,0
DA:1823,0
DA:1824,0
DA:1825,0
DA:1826,0
DA:1827,0
DA:1828,0
DA:1829,0
DA:1830,0
DA:1831,0
DA:1832,0
DA:1833,0
DA:1834,0
DA:1835,0
DA:1836,0
DA:1837,0
DA:1838,0
DA:1839,0
DA:1840,0
DA:1841,0
DA:1842,0
DA:1843,0
DA:1844,0
DA:1845,0
DA:1846,0
DA:1847,0
DA:1848,0
DA:1849,0
DA:1850,0
DA:1851,0
DA:1852,0
DA:1853,0
DA:1854,0
DA:1855,0
DA:1856,0
DA:1857,0
DA:1858,0
DA:1859,0
DA:1860,0
DA:1861,0
DA:1862,0
DA:1863,0
DA:1864,0
DA:1868,0
DA:1869,0
DA:1870,0
DA:1871,0
DA:1872,0
DA:1873,0
DA:1874,0
DA:1875,0
DA:1876,0
DA:1877,0
DA:1878,0
DA:1879,0
DA:1880,0
DA:1881,0
DA:1882,0
DA:1884,0
DA:1885,0
DA:1886,0
DA:1888,0
DA:1889,0
DA:1891,0
DA:1892,0
DA:1893,0
DA:1894,0
DA:1895,0
DA:1896,0
DA:1897,0
DA:1898,0
DA:1899,0
DA:1900,0
DA:1901,0
DA:1902,0
DA:1903,0
DA:1904,0
DA:1905,0
DA:1906,0
DA:1907,0
DA:1908,0
DA:1909,0
DA:1910,0
DA:1911,0
DA:1912,0
DA:1913,0
DA:1914,0
DA:1915,0
DA:1916,0
DA:1917,0
DA:1918,0
DA:1919,0
DA:1920,0
DA:1921,0
DA:1922,0
LF:809
LH:415
end_of_record
SF:lib/services/web_platform_service.dart
DA:9,1
DA:12,1
DA:20,1
DA:27,1
DA:29,1
DA:37,0
DA:38,0
DA:39,0
DA:46,1
DA:47,1
DA:48,1
DA:50,1
DA:51,1
DA:54,1
DA:56,1
DA:57,1
DA:58,1
DA:59,1
DA:60,1
DA:63,1
DA:65,1
DA:66,1
DA:67,1
DA:68,1
DA:75,1
DA:76,1
DA:77,2
DA:78,1
DA:85,1
DA:90,0
DA:91,0
DA:98,0
DA:101,0
DA:103,0
DA:105,0
LF:35
LH:26
end_of_record
SF:lib/services/desktop_platform_service.dart
DA:11,1
DA:12,3
DA:16,1
DA:17,1
DA:19,1
DA:20,1
DA:21,1
DA:27,1
DA:28,1
DA:32,1
DA:33,1
DA:37,1
DA:38,1
DA:42,1
DA:43,1
DA:44,0
DA:53,1
DA:54,1
DA:55,1
DA:56,1
DA:58,2
DA:63,1
DA:64,1
DA:67,1
DA:68,0
DA:79,1
DA:80,1
DA:81,1
DA:92,0
DA:93,0
DA:98,1
DA:99,1
DA:100,1
DA:102,1
DA:104,1
DA:106,1
DA:108,1
DA:110,1
DA:112,1
DA:114,1
DA:116,1
DA:118,1
DA:120,1
DA:122,1
DA:128,1
DA:129,1
DA:131,1
DA:132,1
DA:133,1
DA:134,1
DA:135,1
DA:140,2
DA:141,1
DA:146,1
DA:147,1
DA:151,1
DA:152,1
DA:159,1
DA:161,1
DA:163,1
DA:165,1
DA:167,1
DA:175,1
DA:176,1
DA:178,1
DA:179,1
DA:180,1
DA:181,1
DA:182,1
DA:183,1
DA:184,1
DA:189,1
DA:193,1
DA:194,0
DA:201,2
DA:202,3
DA:203,3
DA:214,0
DA:220,1
DA:226,1
DA:227,0
DA:233,2
DA:234,3
DA:235,3
DA:236,3
DA:237,3
DA:247,0
DA:253,1
DA:254,1
DA:255,0
DA:261,4
DA:269,0
DA:275,1
DA:276,1
DA:282,2
DA:287,0
DA:318,1
DA:327,0
DA:328,0
DA:329,0
DA:330,0
DA:331,0
DA:332,0
DA:333,0
DA:334,0
DA:338,0
DA:340,0
LF:107
LH:86
end_of_record
SF:lib/widgets/mobile/mobile_touch_gestures.dart
DA:12,1
DA:21,1
DA:33,1
DA:42,1
DA:54,1
DA:61,1
DA:71,1
DA:78,1
DA:88,1
DA:94,1
DA:103,1
DA:111,1
DA:122,1
DA:126,1
DA:127,0
DA:142,1
DA:152,1
DA:153,1
DA:163,1
DA:165,1
DA:166,2
DA:170,2
DA:173,2
DA:174,1
DA:177,2
DA:180,2
DA:181,1
DA:186,1
DA:188,2
DA:189,1
DA:192,1
DA:194,1
DA:195,1
DA:196,2
DA:197,1
DA:199,6
DA:200,2
DA:202,4
DA:203,1
DA:204,1
DA:206,2
DA:211,1
DA:212,5
DA:214,4
DA:215,3
DA:219,0
DA:221,1
DA:223,1
DA:224,1
DA:226,1
DA:227,1
DA:228,2
DA:231,1
DA:232,1
DA:233,1
DA:234,1
DA:235,2
DA:236,1
DA:238,1
DA:239,1
DA:240,2
DA:244,1
DA:245,2
DA:259,1
DA:260,1
DA:261,1
DA:262,1
DA:263,6
DA:264,1
DA:265,2
DA:266,2
DA:287,1
DA:297,1
DA:298,1
DA:308,1
DA:310,1
DA:311,2
DA:315,2
DA:318,2
DA:319,1
DA:324,1
DA:326,2
DA:327,1
DA:330,1
DA:332,1
DA:333,0
DA:334,0
DA:335,0
DA:336,0
DA:339,0
DA:340,0
DA:341,0
DA:342,0
DA:344,0
DA:348,0
DA:349,0
DA:351,0
DA:352,0
DA:353,0
DA:354,0
DA:355,0
DA:359,0
DA:360,0
DA:362,0
DA:364,1
DA:365,1
DA:367,2
DA:368,1
DA:369,1
DA:371,1
DA:372,2
DA:374,2
DA:379,2
DA:380,1
DA:381,1
DA:383,1
DA:384,2
DA:386,2
DA:391,1
DA:392,2
DA:393,2
DA:409,1
DA:417,1
DA:418,1
DA:426,1
DA:428,1
DA:429,2
DA:430,2
DA:433,2
DA:436,2
DA:437,1
DA:442,1
DA:444,2
DA:445,1
DA:448,1
DA:450,1
DA:451,1
DA:452,2
DA:454,1
DA:455,2
DA:456,1
DA:457,2
DA:458,2
DA:460,3
DA:462,0
DA:463,0
DA:465,1
DA:466,1
DA:467,1
DA:468,1
DA:469,2
DA:470,2
DA:486,1
DA:494,1
DA:495,1
DA:503,1
DA:505,1
DA:506,2
DA:510,2
DA:513,2
DA:514,1
DA:519,1
DA:521,2
DA:522,1
DA:525,1
DA:527,1
DA:528,1
DA:529,4
DA:530,2
DA:532,1
DA:533,2
DA:534,2
DA:536,3
DA:538,1
DA:539,1
DA:540,1
DA:541,1
DA:542,2
DA:543,2
DA:558,1
DA:565,1
DA:566,1
DA:575,1
DA:577,1
DA:578,0
DA:579,0
DA:580,0
DA:581,0
DA:583,0
DA:584,0
DA:585,0
DA:589,0
DA:590,0
DA:591,0
DA:593,0
DA:595,0
DA:596,0
DA:597,0
DA:599,0
DA:603,1
DA:604,1
DA:605,2
DA:620,1
DA:629,1
DA:630,1
DA:636,1
DA:638,1
DA:639,1
DA:640,3
DA:641,1
DA:642,1
DA:644,1
DA:645,0
DA:648,3
DA:650,2
DA:651,2
DA:652,2
DA:653,2
DA:665,1
DA:671,1
DA:673,1
DA:675,1
DA:676,2
DA:678,1
DA:679,1
DA:680,1
DA:681,1
DA:685,1
DA:686,1
DA:700,1
DA:707,1
DA:709,1
DA:711,1
DA:713,1
DA:714,1
DA:715,1
DA:716,1
DA:717,1
DA:719,1
DA:721,2
DA:724,3
DA:725,2
DA:727,1
DA:728,1
DA:729,0
DA:730,0
DA:732,0
DA:734,0
DA:737,1
DA:738,2
DA:741,1
DA:742,1
DA:743,1
LF:253
LH:210
end_of_record
SF:lib/services/mobile_platform_service.dart
DA:12,3
DA:13,6
DA:17,2
DA:18,2
DA:20,0
DA:21,0
DA:27,1
DA:28,1
DA:32,2
DA:33,2
DA:37,1
DA:38,1
DA:42,1
DA:43,1
DA:44,1
DA:55,0
DA:56,0
DA:57,0
DA:58,0
DA:60,0
DA:61,0
DA:62,0
DA:67,2
DA:68,2
DA:70,2
DA:77,2
DA:85,1
DA:95,1
DA:107,1
DA:108,1
DA:109,2
DA:115,0
DA:116,0
DA:118,0
DA:119,0
DA:121,0
DA:122,0
DA:124,0
DA:125,0
DA:127,0
DA:128,0
DA:132,0
DA:137,1
DA:142,1
DA:143,2
DA:149,0
DA:150,0
DA:151,0
DA:152,0
DA:162,0
DA:168,1
DA:169,1
DA:182,0
DA:199,0
DA:212,1
DA:213,1
DA:214,2
DA:217,1
DA:221,1
DA:233,1
DA:234,1
DA:236,1
DA:239,1
DA:240,1
DA:241,2
DA:242,1
DA:249,1
DA:250,1
DA:254,0
DA:255,0
DA:262,0
DA:264,0
DA:266,0
DA:268,0
DA:270,0
DA:272,0
DA:274,0
DA:282,1
DA:283,1
DA:286,0
DA:294,0
DA:303,0
DA:336,2
DA:349,1
DA:350,1
DA:351,2
DA:352,1
DA:353,1
DA:354,1
DA:355,2
DA:356,2
DA:357,1
DA:358,1
DA:359,1
DA:360,1
DA:364,1
DA:366,2
DA:377,3
DA:394,3
DA:413,3
DA:422,0
DA:424,0
DA:437,3
DA:458,1
DA:469,1
DA:470,1
DA:471,1
DA:472,2
DA:473,1
DA:474,1
DA:475,1
DA:476,1
DA:477,1
DA:478,1
DA:482,1
DA:484,2
LF:116
LH:75
end_of_record
SF:lib/utils/mobile_performance_optimizer.dart
DA:16,3
DA:19,1
DA:20,1
DA:21,2
DA:25,0
DA:30,0
DA:37,0
DA:38,0
DA:42,0
DA:43,0
DA:47,0
DA:48,0
DA:51,0
DA:55,1
DA:56,0
DA:59,2
DA:63,1
DA:64,1
DA:77,1
DA:83,1
DA:85,2
DA:90,1
DA:91,1
DA:92,1
DA:95,2
DA:96,2
DA:97,1
DA:105,1
DA:111,1
DA:116,2
DA:117,1
DA:125,1
DA:126,1
DA:135,1
DA:144,1
DA:146,3
DA:147,1
DA:157,0
DA:168,1
DA:176,1
DA:180,2
DA:181,0
DA:182,0
DA:186,1
DA:197,1
DA:206,1
DA:208,1
DA:212,0
DA:213,0
DA:215,0
DA:223,1
DA:226,1
DA:227,1
DA:228,3
DA:233,1
DA:239,1
DA:241,2
DA:242,0
DA:248,1
DA:250,2
DA:252,1
DA:253,1
DA:258,1
DA:259,4
DA:261,1
DA:265,0
DA:269,1
DA:270,3
DA:272,1
DA:276,3
DA:277,3
DA:278,2
DA:283,1
DA:284,2
DA:288,1
DA:289,2
DA:293,1
DA:300,1
DA:301,1
DA:304,0
DA:308,0
DA:313,1
DA:314,1
DA:317,0
DA:318,0
DA:319,0
DA:323,0
DA:324,0
DA:328,0
DA:333,0
DA:334,0
DA:335,0
DA:337,0
DA:338,0
DA:344,0
DA:346,0
DA:349,0
DA:354,0
DA:356,0
DA:369,1
DA:378,0
DA:380,0
DA:383,0
DA:387,0
DA:388,0
DA:391,0
DA:393,0
DA:394,0
DA:395,0
DA:396,0
DA:397,0
DA:398,0
DA:401,0
DA:402,0
DA:410,1
DA:415,1
DA:416,1
DA:422,1
DA:424,1
DA:425,3
DA:426,1
DA:427,3
DA:428,2
DA:429,1
DA:433,1
DA:434,2
DA:435,1
DA:437,1
DA:450,1
DA:453,1
DA:455,1
DA:458,1
DA:471,1
DA:480,1
DA:481,1
DA:490,1
DA:492,1
DA:493,4
DA:494,3
DA:497,1
DA:499,2
DA:500,2
DA:502,0
DA:504,1
DA:507,1
DA:509,2
DA:510,3
DA:511,2
DA:513,6
DA:514,7
DA:516,2
DA:517,2
DA:518,1
DA:519,1
DA:523,3
DA:524,4
DA:529,1
DA:531,1
DA:532,1
DA:533,2
DA:534,2
DA:535,2
DA:536,2
DA:537,1
DA:539,6
DA:540,3
DA:544,2
DA:545,2
DA:549,3
DA:550,2
DA:563,1
DA:567,1
DA:569,1
DA:570,1
DA:574,1
DA:578,3
DA:579,3
DA:582,2
DA:590,1
LF:179
LH:128
end_of_record
